2003-08-10 15:35:59,253 INFO  org.apache.maven.plugin.PluginManager - Initializing Plugins!
2003-08-10 15:35:59,294 INFO  org.apache.maven.plugin.PluginManager - Unpacking plugins from directory --> C:\Programs\maven-1.0\plugins
2003-08-10 15:35:59,344 INFO  org.apache.maven.plugin.PluginManager - Processing unpacked plugins in C:\Home\leo\.maven\plugins
2003-08-10 15:35:59,344 INFO  org.apache.maven.plugin.PluginManager - Processing Plugin: maven-deploy-plugin-1.1
2003-08-10 15:35:59,664 INFO  org.apache.maven.plugin.PluginManager - Processing Plugin: maven-plexus-plugin-0.2
2003-08-10 15:35:59,684 INFO  org.apache.maven.plugin.PluginManager - Processing Plugin: maven-runner-plugin-0.2
2003-08-10 15:35:59,694 INFO  org.apache.maven.plugin.PluginManager - Processing Plugin: maven-sea-plugin-1.0
2003-08-10 15:35:59,704 INFO  org.apache.maven.plugin.PluginManager - Processing Plugin: maven-vdoclet-plugin-1.0
2003-08-10 15:35:59,714 INFO  org.apache.maven.plugin.PluginCacheManager - Saving caches to C:\Home\leo\.maven\plugins
2003-08-10 15:35:59,764 INFO  org.apache.maven.plugin.PluginManager - Finished initializing Plugins!
2003-08-10 15:36:03,580 WARN  org.apache.commons.jelly.expression.jexl.JexlExpression - Caught exception evaluating: org.apache.commons.jexl.ExpressionImpl@72be27. Reason: java.lang.NumberFormatException: includes
java.lang.NumberFormatException: includes
	at java.lang.Integer.parseInt(Integer.java:414)
	at java.lang.Integer.valueOf(Integer.java:516)
	at org.apache.commons.jexl.util.Coercion.coerceInteger(Coercion.java:95)
	at org.apache.commons.jexl.parser.ASTArrayAccess.evaluateExpr(ASTArrayAccess.java:177)
	at org.apache.commons.jexl.parser.ASTIdentifier.execute(ASTIdentifier.java:104)
	at org.apache.commons.jexl.parser.ASTReference.execute(ASTReference.java:106)
	at org.apache.commons.jexl.parser.ASTReference.value(ASTReference.java:88)
	at org.apache.commons.jexl.parser.ASTNotNode.value(ASTNotNode.java:88)
	at org.apache.commons.jexl.parser.ASTExpression.value(ASTExpression.java:85)
	at org.apache.commons.jexl.ExpressionImpl.evaluate(ExpressionImpl.java:123)
	at org.apache.commons.jelly.expression.jexl.JexlExpression.evaluate(JexlExpression.java:115)
	at org.apache.commons.jelly.expression.jexl.JexlExpressionFactory$ExpressionSupportLocal.evaluate(JexlExpressionFactory.java:168)
	at org.apache.commons.jelly.expression.ExpressionSupport.evaluateRecurse(ExpressionSupport.java:106)
	at org.apache.commons.jelly.expression.ExpressionSupport.evaluateAsBoolean(ExpressionSupport.java:116)
	at org.apache.commons.jelly.tags.core.WhenTag.doTag(WhenTag.java:90)
	at org.apache.commons.jelly.impl.TagScript.run(TagScript.java:279)
	at org.apache.commons.jelly.impl.ScriptBlock.run(ScriptBlock.java:135)
	at org.apache.commons.jelly.TagSupport.invokeBody(TagSupport.java:233)
	at org.apache.commons.jelly.tags.core.ChooseTag.doTag(ChooseTag.java:84)
	at org.apache.commons.jelly.impl.TagScript.run(TagScript.java:279)
	at org.apache.commons.jelly.impl.ScriptBlock.run(ScriptBlock.java:135)
	at org.apache.commons.jelly.TagSupport.invokeBody(TagSupport.java:233)
	at com.werken.werkz.jelly.ProjectTag.doTag(ProjectTag.java:112)
	at org.apache.commons.jelly.impl.TagScript.run(TagScript.java:279)
	at org.apache.maven.jelly.JellyUtils.runScript(JellyUtils.java:112)
	at org.apache.maven.jelly.JellyUtils.runScript(JellyUtils.java:139)
	at org.apache.maven.plugin.PluginManager.loadPlugin(PluginManager.java:734)
	at org.apache.maven.plugin.PluginManager.prepDynamicTagLib(PluginManager.java:611)
	at org.apache.maven.plugin.PluginManager.prepDynaTagLibs(PluginManager.java:586)
	at org.apache.maven.plugin.PluginManager.loadPlugin(PluginManager.java:686)
	at org.apache.maven.plugin.PluginManager.loadPlugins(PluginManager.java:766)
	at org.apache.maven.plugin.PluginManager.prepForCallbacks(PluginManager.java:554)
	at org.apache.maven.plugin.PluginManager.prepForGoal(PluginManager.java:525)
	at org.apache.maven.MavenSession.prepForGoal(MavenSession.java:248)
	at org.apache.maven.jelly.tags.werkz.LazyAttainGoalTag.doTag(LazyAttainGoalTag.java:105)
	at org.apache.commons.jelly.impl.TagScript.run(TagScript.java:279)
	at org.apache.commons.jelly.impl.ScriptBlock.run(ScriptBlock.java:135)
	at org.apache.commons.jelly.TagSupport.invokeBody(TagSupport.java:233)
	at com.werken.werkz.jelly.GoalTag$1.performAction(GoalTag.java:128)
	at com.werken.werkz.Goal.fire(Goal.java:639)
	at com.werken.werkz.Goal.attain(Goal.java:575)
	at com.werken.werkz.Goal.attainPrecursors(Goal.java:488)
	at com.werken.werkz.Goal.attain(Goal.java:573)
	at org.apache.maven.plugin.PluginManager.attainGoals(PluginManager.java:434)
	at org.apache.maven.MavenSession.attainGoals(MavenSession.java:360)
	at org.apache.maven.jelly.tags.maven.ReactorTag.doTag(ReactorTag.java:374)
	at org.apache.commons.jelly.impl.TagScript.run(TagScript.java:279)
	at org.apache.commons.jelly.impl.ScriptBlock.run(ScriptBlock.java:135)
	at org.apache.commons.jelly.TagSupport.invokeBody(TagSupport.java:233)
	at com.werken.werkz.jelly.GoalTag$1.performAction(GoalTag.java:128)
	at com.werken.werkz.Goal.fire(Goal.java:639)
	at com.werken.werkz.Goal.attain(Goal.java:575)
	at org.apache.maven.plugin.PluginManager.attainGoals(PluginManager.java:434)
	at org.apache.maven.MavenSession.attainGoals(MavenSession.java:348)
	at org.apache.maven.cli.App.doMain(App.java:525)
	at org.apache.maven.cli.App.main(App.java:1088)
	at java.lang.reflect.Method.invoke(Native Method)
	at com.werken.forehead.Forehead.run(Forehead.java:543)
	at com.werken.forehead.Forehead.main(Forehead.java:573)
2003-08-10 15:36:03,590 WARN  org.apache.commons.jelly.expression.jexl.JexlExpression - Caught exception evaluating: org.apache.commons.jexl.ExpressionImpl@33278a. Reason: java.lang.NumberFormatException: excludes
java.lang.NumberFormatException: excludes
	at java.lang.Integer.parseInt(Integer.java:414)
	at java.lang.Integer.valueOf(Integer.java:516)
	at org.apache.commons.jexl.util.Coercion.coerceInteger(Coercion.java:95)
	at org.apache.commons.jexl.parser.ASTArrayAccess.evaluateExpr(ASTArrayAccess.java:177)
	at org.apache.commons.jexl.parser.ASTIdentifier.execute(ASTIdentifier.java:104)
	at org.apache.commons.jexl.parser.ASTReference.execute(ASTReference.java:106)
	at org.apache.commons.jexl.parser.ASTReference.value(ASTReference.java:88)
	at org.apache.commons.jexl.parser.ASTNotNode.value(ASTNotNode.java:88)
	at org.apache.commons.jexl.parser.ASTExpression.value(ASTExpression.java:85)
	at org.apache.commons.jexl.ExpressionImpl.evaluate(ExpressionImpl.java:123)
	at org.apache.commons.jelly.expression.jexl.JexlExpression.evaluate(JexlExpression.java:115)
	at org.apache.commons.jelly.expression.jexl.JexlExpressionFactory$ExpressionSupportLocal.evaluate(JexlExpressionFactory.java:168)
	at org.apache.commons.jelly.expression.ExpressionSupport.evaluateRecurse(ExpressionSupport.java:106)
	at org.apache.commons.jelly.expression.ExpressionSupport.evaluateAsBoolean(ExpressionSupport.java:116)
	at org.apache.commons.jelly.tags.core.WhenTag.doTag(WhenTag.java:90)
	at org.apache.commons.jelly.impl.TagScript.run(TagScript.java:279)
	at org.apache.commons.jelly.impl.ScriptBlock.run(ScriptBlock.java:135)
	at org.apache.commons.jelly.TagSupport.invokeBody(TagSupport.java:233)
	at org.apache.commons.jelly.tags.core.ChooseTag.doTag(ChooseTag.java:84)
	at org.apache.commons.jelly.impl.TagScript.run(TagScript.java:279)
	at org.apache.commons.jelly.impl.ScriptBlock.run(ScriptBlock.java:135)
	at org.apache.commons.jelly.TagSupport.invokeBody(TagSupport.java:233)
	at com.werken.werkz.jelly.ProjectTag.doTag(ProjectTag.java:112)
	at org.apache.commons.jelly.impl.TagScript.run(TagScript.java:279)
	at org.apache.maven.jelly.JellyUtils.runScript(JellyUtils.java:112)
	at org.apache.maven.jelly.JellyUtils.runScript(JellyUtils.java:139)
	at org.apache.maven.plugin.PluginManager.loadPlugin(PluginManager.java:734)
	at org.apache.maven.plugin.PluginManager.prepDynamicTagLib(PluginManager.java:611)
	at org.apache.maven.plugin.PluginManager.prepDynaTagLibs(PluginManager.java:586)
	at org.apache.maven.plugin.PluginManager.loadPlugin(PluginManager.java:686)
	at org.apache.maven.plugin.PluginManager.loadPlugins(PluginManager.java:766)
	at org.apache.maven.plugin.PluginManager.prepForCallbacks(PluginManager.java:554)
	at org.apache.maven.plugin.PluginManager.prepForGoal(PluginManager.java:525)
	at org.apache.maven.MavenSession.prepForGoal(MavenSession.java:248)
	at org.apache.maven.jelly.tags.werkz.LazyAttainGoalTag.doTag(LazyAttainGoalTag.java:105)
	at org.apache.commons.jelly.impl.TagScript.run(TagScript.java:279)
	at org.apache.commons.jelly.impl.ScriptBlock.run(ScriptBlock.java:135)
	at org.apache.commons.jelly.TagSupport.invokeBody(TagSupport.java:233)
	at com.werken.werkz.jelly.GoalTag$1.performAction(GoalTag.java:128)
	at com.werken.werkz.Goal.fire(Goal.java:639)
	at com.werken.werkz.Goal.attain(Goal.java:575)
	at com.werken.werkz.Goal.attainPrecursors(Goal.java:488)
	at com.werken.werkz.Goal.attain(Goal.java:573)
	at org.apache.maven.plugin.PluginManager.attainGoals(PluginManager.java:434)
	at org.apache.maven.MavenSession.attainGoals(MavenSession.java:360)
	at org.apache.maven.jelly.tags.maven.ReactorTag.doTag(ReactorTag.java:374)
	at org.apache.commons.jelly.impl.TagScript.run(TagScript.java:279)
	at org.apache.commons.jelly.impl.ScriptBlock.run(ScriptBlock.java:135)
	at org.apache.commons.jelly.TagSupport.invokeBody(TagSupport.java:233)
	at com.werken.werkz.jelly.GoalTag$1.performAction(GoalTag.java:128)
	at com.werken.werkz.Goal.fire(Goal.java:639)
	at com.werken.werkz.Goal.attain(Goal.java:575)
	at org.apache.maven.plugin.PluginManager.attainGoals(PluginManager.java:434)
	at org.apache.maven.MavenSession.attainGoals(MavenSession.java:348)
	at org.apache.maven.cli.App.doMain(App.java:525)
	at org.apache.maven.cli.App.main(App.java:1088)
	at java.lang.reflect.Method.invoke(Native Method)
	at com.werken.forehead.Forehead.run(Forehead.java:543)
	at com.werken.forehead.Forehead.main(Forehead.java:573)
2003-08-10 15:36:03,620 WARN  org.apache.commons.jelly.expression.jexl.JexlExpression - Caught exception evaluating: org.apache.commons.jexl.ExpressionImpl@4e5e7a. Reason: java.lang.NumberFormatException: includes
java.lang.NumberFormatException: includes
	at java.lang.Integer.parseInt(Integer.java:414)
	at java.lang.Integer.valueOf(Integer.java:516)
	at org.apache.commons.jexl.util.Coercion.coerceInteger(Coercion.java:95)
	at org.apache.commons.jexl.parser.ASTArrayAccess.evaluateExpr(ASTArrayAccess.java:177)
	at org.apache.commons.jexl.parser.ASTIdentifier.execute(ASTIdentifier.java:104)
	at org.apache.commons.jexl.parser.ASTReference.execute(ASTReference.java:106)
	at org.apache.commons.jexl.parser.ASTReference.value(ASTReference.java:88)
	at org.apache.commons.jexl.ExpressionImpl.evaluate(ExpressionImpl.java:123)
	at org.apache.commons.jelly.expression.jexl.JexlExpression.evaluate(JexlExpression.java:115)
	at org.apache.commons.jelly.expression.jexl.JexlExpressionFactory$ExpressionSupportLocal.evaluate(JexlExpressionFactory.java:168)
	at org.apache.commons.jelly.expression.ExpressionSupport.evaluateRecurse(ExpressionSupport.java:106)
	at org.apache.commons.jelly.expression.ExpressionSupport.evaluateAsIterator(ExpressionSupport.java:146)
	at org.apache.commons.jelly.tags.core.ForEachTag.doTag(ForEachTag.java:127)
	at org.apache.commons.jelly.impl.TagScript.run(TagScript.java:279)
	at org.apache.commons.jelly.impl.ScriptBlock.run(ScriptBlock.java:135)
	at org.apache.commons.jelly.TagSupport.invokeBody(TagSupport.java:233)
	at org.apache.commons.jelly.TagSupport.getBodyText(TagSupport.java:271)
	at org.apache.commons.jelly.tags.ant.AntTag.doTag(AntTag.java:267)
	at org.apache.commons.jelly.impl.TagScript.run(TagScript.java:279)
	at org.apache.commons.jelly.impl.ScriptBlock.run(ScriptBlock.java:135)
	at org.apache.commons.jelly.TagSupport.invokeBody(TagSupport.java:233)
	at com.werken.werkz.jelly.ProjectTag.doTag(ProjectTag.java:112)
	at org.apache.commons.jelly.impl.TagScript.run(TagScript.java:279)
	at org.apache.maven.jelly.JellyUtils.runScript(JellyUtils.java:112)
	at org.apache.maven.jelly.JellyUtils.runScript(JellyUtils.java:139)
	at org.apache.maven.plugin.PluginManager.loadPlugin(PluginManager.java:734)
	at org.apache.maven.plugin.PluginManager.prepDynamicTagLib(PluginManager.java:611)
	at org.apache.maven.plugin.PluginManager.prepDynaTagLibs(PluginManager.java:586)
	at org.apache.maven.plugin.PluginManager.loadPlugin(PluginManager.java:686)
	at org.apache.maven.plugin.PluginManager.loadPlugins(PluginManager.java:766)
	at org.apache.maven.plugin.PluginManager.prepForCallbacks(PluginManager.java:554)
	at org.apache.maven.plugin.PluginManager.prepForGoal(PluginManager.java:525)
	at org.apache.maven.MavenSession.prepForGoal(MavenSession.java:248)
	at org.apache.maven.jelly.tags.werkz.LazyAttainGoalTag.doTag(LazyAttainGoalTag.java:105)
	at org.apache.commons.jelly.impl.TagScript.run(TagScript.java:279)
	at org.apache.commons.jelly.impl.ScriptBlock.run(ScriptBlock.java:135)
	at org.apache.commons.jelly.TagSupport.invokeBody(TagSupport.java:233)
	at com.werken.werkz.jelly.GoalTag$1.performAction(GoalTag.java:128)
	at com.werken.werkz.Goal.fire(Goal.java:639)
	at com.werken.werkz.Goal.attain(Goal.java:575)
	at com.werken.werkz.Goal.attainPrecursors(Goal.java:488)
	at com.werken.werkz.Goal.attain(Goal.java:573)
	at org.apache.maven.plugin.PluginManager.attainGoals(PluginManager.java:434)
	at org.apache.maven.MavenSession.attainGoals(MavenSession.java:360)
	at org.apache.maven.jelly.tags.maven.ReactorTag.doTag(ReactorTag.java:374)
	at org.apache.commons.jelly.impl.TagScript.run(TagScript.java:279)
	at org.apache.commons.jelly.impl.ScriptBlock.run(ScriptBlock.java:135)
	at org.apache.commons.jelly.TagSupport.invokeBody(TagSupport.java:233)
	at com.werken.werkz.jelly.GoalTag$1.performAction(GoalTag.java:128)
	at com.werken.werkz.Goal.fire(Goal.java:639)
	at com.werken.werkz.Goal.attain(Goal.java:575)
	at org.apache.maven.plugin.PluginManager.attainGoals(PluginManager.java:434)
	at org.apache.maven.MavenSession.attainGoals(MavenSession.java:348)
	at org.apache.maven.cli.App.doMain(App.java:525)
	at org.apache.maven.cli.App.main(App.java:1088)
	at java.lang.reflect.Method.invoke(Native Method)
	at com.werken.forehead.Forehead.run(Forehead.java:543)
	at com.werken.forehead.Forehead.main(Forehead.java:573)
2003-08-10 15:36:03,620 WARN  org.apache.commons.jelly.expression.jexl.JexlExpression - Caught exception evaluating: org.apache.commons.jexl.ExpressionImpl@22da17. Reason: java.lang.NumberFormatException: excludes
java.lang.NumberFormatException: excludes
	at java.lang.Integer.parseInt(Integer.java:414)
	at java.lang.Integer.valueOf(Integer.java:516)
	at org.apache.commons.jexl.util.Coercion.coerceInteger(Coercion.java:95)
	at org.apache.commons.jexl.parser.ASTArrayAccess.evaluateExpr(ASTArrayAccess.java:177)
	at org.apache.commons.jexl.parser.ASTIdentifier.execute(ASTIdentifier.java:104)
	at org.apache.commons.jexl.parser.ASTReference.execute(ASTReference.java:106)
	at org.apache.commons.jexl.parser.ASTReference.value(ASTReference.java:88)
	at org.apache.commons.jexl.ExpressionImpl.evaluate(ExpressionImpl.java:123)
	at org.apache.commons.jelly.expression.jexl.JexlExpression.evaluate(JexlExpression.java:115)
	at org.apache.commons.jelly.expression.jexl.JexlExpressionFactory$ExpressionSupportLocal.evaluate(JexlExpressionFactory.java:168)
	at org.apache.commons.jelly.expression.ExpressionSupport.evaluateRecurse(ExpressionSupport.java:106)
	at org.apache.commons.jelly.expression.ExpressionSupport.evaluateAsIterator(ExpressionSupport.java:146)
	at org.apache.commons.jelly.tags.core.ForEachTag.doTag(ForEachTag.java:127)
	at org.apache.commons.jelly.impl.TagScript.run(TagScript.java:279)
	at org.apache.commons.jelly.impl.ScriptBlock.run(ScriptBlock.java:135)
	at org.apache.commons.jelly.TagSupport.invokeBody(TagSupport.java:233)
	at org.apache.commons.jelly.TagSupport.getBodyText(TagSupport.java:271)
	at org.apache.commons.jelly.tags.ant.AntTag.doTag(AntTag.java:267)
	at org.apache.commons.jelly.impl.TagScript.run(TagScript.java:279)
	at org.apache.commons.jelly.impl.ScriptBlock.run(ScriptBlock.java:135)
	at org.apache.commons.jelly.TagSupport.invokeBody(TagSupport.java:233)
	at com.werken.werkz.jelly.ProjectTag.doTag(ProjectTag.java:112)
	at org.apache.commons.jelly.impl.TagScript.run(TagScript.java:279)
	at org.apache.maven.jelly.JellyUtils.runScript(JellyUtils.java:112)
	at org.apache.maven.jelly.JellyUtils.runScript(JellyUtils.java:139)
	at org.apache.maven.plugin.PluginManager.loadPlugin(PluginManager.java:734)
	at org.apache.maven.plugin.PluginManager.prepDynamicTagLib(PluginManager.java:611)
	at org.apache.maven.plugin.PluginManager.prepDynaTagLibs(PluginManager.java:586)
	at org.apache.maven.plugin.PluginManager.loadPlugin(PluginManager.java:686)
	at org.apache.maven.plugin.PluginManager.loadPlugins(PluginManager.java:766)
	at org.apache.maven.plugin.PluginManager.prepForCallbacks(PluginManager.java:554)
	at org.apache.maven.plugin.PluginManager.prepForGoal(PluginManager.java:525)
	at org.apache.maven.MavenSession.prepForGoal(MavenSession.java:248)
	at org.apache.maven.jelly.tags.werkz.LazyAttainGoalTag.doTag(LazyAttainGoalTag.java:105)
	at org.apache.commons.jelly.impl.TagScript.run(TagScript.java:279)
	at org.apache.commons.jelly.impl.ScriptBlock.run(ScriptBlock.java:135)
	at org.apache.commons.jelly.TagSupport.invokeBody(TagSupport.java:233)
	at com.werken.werkz.jelly.GoalTag$1.performAction(GoalTag.java:128)
	at com.werken.werkz.Goal.fire(Goal.java:639)
	at com.werken.werkz.Goal.attain(Goal.java:575)
	at com.werken.werkz.Goal.attainPrecursors(Goal.java:488)
	at com.werken.werkz.Goal.attain(Goal.java:573)
	at org.apache.maven.plugin.PluginManager.attainGoals(PluginManager.java:434)
	at org.apache.maven.MavenSession.attainGoals(MavenSession.java:360)
	at org.apache.maven.jelly.tags.maven.ReactorTag.doTag(ReactorTag.java:374)
	at org.apache.commons.jelly.impl.TagScript.run(TagScript.java:279)
	at org.apache.commons.jelly.impl.ScriptBlock.run(ScriptBlock.java:135)
	at org.apache.commons.jelly.TagSupport.invokeBody(TagSupport.java:233)
	at com.werken.werkz.jelly.GoalTag$1.performAction(GoalTag.java:128)
	at com.werken.werkz.Goal.fire(Goal.java:639)
	at com.werken.werkz.Goal.attain(Goal.java:575)
	at org.apache.maven.plugin.PluginManager.attainGoals(PluginManager.java:434)
	at org.apache.maven.MavenSession.attainGoals(MavenSession.java:348)
	at org.apache.maven.cli.App.doMain(App.java:525)
	at org.apache.maven.cli.App.main(App.java:1088)
	at java.lang.reflect.Method.invoke(Native Method)
	at com.werken.forehead.Forehead.run(Forehead.java:543)
	at com.werken.forehead.Forehead.main(Forehead.java:573)
2003-08-10 15:36:04,721 WARN  org.apache.commons.jelly.expression.jexl.JexlExpression - Caught exception evaluating: org.apache.commons.jexl.ExpressionImpl@2a13a. Reason: java.lang.NumberFormatException: includes
java.lang.NumberFormatException: includes
	at java.lang.Integer.parseInt(Integer.java:414)
	at java.lang.Integer.valueOf(Integer.java:516)
	at org.apache.commons.jexl.util.Coercion.coerceInteger(Coercion.java:95)
	at org.apache.commons.jexl.parser.ASTArrayAccess.evaluateExpr(ASTArrayAccess.java:177)
	at org.apache.commons.jexl.parser.ASTIdentifier.execute(ASTIdentifier.java:104)
	at org.apache.commons.jexl.parser.ASTReference.execute(ASTReference.java:106)
	at org.apache.commons.jexl.parser.ASTReference.value(ASTReference.java:88)
	at org.apache.commons.jexl.ExpressionImpl.evaluate(ExpressionImpl.java:123)
	at org.apache.commons.jelly.expression.jexl.JexlExpression.evaluate(JexlExpression.java:115)
	at org.apache.commons.jelly.expression.jexl.JexlExpressionFactory$ExpressionSupportLocal.evaluate(JexlExpressionFactory.java:168)
	at org.apache.commons.jelly.expression.ExpressionSupport.evaluateRecurse(ExpressionSupport.java:106)
	at org.apache.commons.jelly.expression.ExpressionSupport.evaluateAsBoolean(ExpressionSupport.java:116)
	at org.apache.commons.jelly.tags.core.IfTag.doTag(IfTag.java:87)
	at org.apache.commons.jelly.impl.TagScript.run(TagScript.java:279)
	at org.apache.commons.jelly.impl.ScriptBlock.run(ScriptBlock.java:135)
	at org.apache.commons.jelly.TagSupport.invokeBody(TagSupport.java:233)
	at org.apache.commons.jelly.TagSupport.getBodyText(TagSupport.java:271)
	at org.apache.commons.jelly.tags.ant.AntTag.doTag(AntTag.java:267)
	at org.apache.commons.jelly.impl.TagScript.run(TagScript.java:279)
	at org.apache.commons.jelly.impl.ScriptBlock.run(ScriptBlock.java:135)
	at org.apache.commons.jelly.TagSupport.invokeBody(TagSupport.java:233)
	at org.apache.commons.jelly.TagSupport.getBodyText(TagSupport.java:271)
	at org.apache.commons.jelly.tags.ant.AntTag.doTag(AntTag.java:205)
	at org.apache.commons.jelly.impl.TagScript.run(TagScript.java:279)
	at org.apache.commons.jelly.impl.ScriptBlock.run(ScriptBlock.java:135)
	at org.apache.commons.jelly.TagSupport.invokeBody(TagSupport.java:233)
	at org.apache.commons.jelly.tags.core.IfTag.doTag(IfTag.java:88)
	at org.apache.commons.jelly.impl.TagScript.run(TagScript.java:279)
	at org.apache.commons.jelly.impl.ScriptBlock.run(ScriptBlock.java:135)
	at org.apache.commons.jelly.TagSupport.invokeBody(TagSupport.java:233)
	at org.apache.commons.jelly.tags.core.ForEachTag.doTag(ForEachTag.java:145)
	at org.apache.commons.jelly.impl.TagScript.run(TagScript.java:279)
	at org.apache.commons.jelly.impl.ScriptBlock.run(ScriptBlock.java:135)
	at org.apache.commons.jelly.impl.DynamicTag.doTag(DynamicTag.java:125)
	at org.apache.commons.jelly.impl.TagScript.run(TagScript.java:279)
	at org.apache.commons.jelly.impl.ScriptBlock.run(ScriptBlock.java:135)
	at org.apache.commons.jelly.TagSupport.invokeBody(TagSupport.java:233)
	at org.apache.commons.jelly.tags.core.IfTag.doTag(IfTag.java:88)
	at org.apache.commons.jelly.impl.TagScript.run(TagScript.java:279)
	at org.apache.commons.jelly.impl.ScriptBlock.run(ScriptBlock.java:135)
	at org.apache.commons.jelly.TagSupport.invokeBody(TagSupport.java:233)
	at com.werken.werkz.jelly.GoalTag$1.performAction(GoalTag.java:128)
	at com.werken.werkz.Goal.fire(Goal.java:639)
	at com.werken.werkz.Goal.attain(Goal.java:575)
	at com.werken.werkz.Goal.attainPrecursors(Goal.java:488)
	at com.werken.werkz.Goal.attain(Goal.java:573)
	at com.werken.werkz.Goal.attainPrecursors(Goal.java:488)
	at com.werken.werkz.Goal.attain(Goal.java:573)
	at com.werken.werkz.Goal.attainPrecursors(Goal.java:488)
	at com.werken.werkz.Goal.attain(Goal.java:573)
	at com.werken.werkz.WerkzProject.attainGoal(WerkzProject.java:193)
	at com.werken.werkz.jelly.AttainGoalTag.doTag(AttainGoalTag.java:134)
	at org.apache.maven.jelly.tags.werkz.LazyAttainGoalTag.doTag(LazyAttainGoalTag.java:107)
	at org.apache.commons.jelly.impl.TagScript.run(TagScript.java:279)
	at org.apache.commons.jelly.impl.ScriptBlock.run(ScriptBlock.java:135)
	at org.apache.commons.jelly.TagSupport.invokeBody(TagSupport.java:233)
	at com.werken.werkz.jelly.GoalTag$1.performAction(GoalTag.java:128)
	at com.werken.werkz.Goal.fire(Goal.java:639)
	at com.werken.werkz.Goal.attain(Goal.java:575)
	at com.werken.werkz.Goal.attainPrecursors(Goal.java:488)
	at com.werken.werkz.Goal.attain(Goal.java:573)
	at org.apache.maven.plugin.PluginManager.attainGoals(PluginManager.java:434)
	at org.apache.maven.MavenSession.attainGoals(MavenSession.java:360)
	at org.apache.maven.jelly.tags.maven.ReactorTag.doTag(ReactorTag.java:374)
	at org.apache.commons.jelly.impl.TagScript.run(TagScript.java:279)
	at org.apache.commons.jelly.impl.ScriptBlock.run(ScriptBlock.java:135)
	at org.apache.commons.jelly.TagSupport.invokeBody(TagSupport.java:233)
	at com.werken.werkz.jelly.GoalTag$1.performAction(GoalTag.java:128)
	at com.werken.werkz.Goal.fire(Goal.java:639)
	at com.werken.werkz.Goal.attain(Goal.java:575)
	at org.apache.maven.plugin.PluginManager.attainGoals(PluginManager.java:434)
	at org.apache.maven.MavenSession.attainGoals(MavenSession.java:348)
	at org.apache.maven.cli.App.doMain(App.java:525)
	at org.apache.maven.cli.App.main(App.java:1088)
	at java.lang.reflect.Method.invoke(Native Method)
	at com.werken.forehead.Forehead.run(Forehead.java:543)
	at com.werken.forehead.Forehead.main(Forehead.java:573)
2003-08-10 15:36:04,741 WARN  org.apache.commons.jelly.expression.jexl.JexlExpression - Caught exception evaluating: org.apache.commons.jexl.ExpressionImpl@2a13a. Reason: java.lang.NumberFormatException: includes
java.lang.NumberFormatException: includes
	at java.lang.Integer.parseInt(Integer.java:414)
	at java.lang.Integer.valueOf(Integer.java:516)
	at org.apache.commons.jexl.util.Coercion.coerceInteger(Coercion.java:95)
	at org.apache.commons.jexl.parser.ASTArrayAccess.evaluateExpr(ASTArrayAccess.java:177)
	at org.apache.commons.jexl.parser.ASTIdentifier.execute(ASTIdentifier.java:104)
	at org.apache.commons.jexl.parser.ASTReference.execute(ASTReference.java:106)
	at org.apache.commons.jexl.parser.ASTReference.value(ASTReference.java:88)
	at org.apache.commons.jexl.ExpressionImpl.evaluate(ExpressionImpl.java:123)
	at org.apache.commons.jelly.expression.jexl.JexlExpression.evaluate(JexlExpression.java:115)
	at org.apache.commons.jelly.expression.jexl.JexlExpressionFactory$ExpressionSupportLocal.evaluate(JexlExpressionFactory.java:168)
	at org.apache.commons.jelly.expression.ExpressionSupport.evaluateRecurse(ExpressionSupport.java:106)
	at org.apache.commons.jelly.expression.ExpressionSupport.evaluateAsBoolean(ExpressionSupport.java:116)
	at org.apache.commons.jelly.tags.core.IfTag.doTag(IfTag.java:87)
	at org.apache.commons.jelly.impl.TagScript.run(TagScript.java:279)
	at org.apache.commons.jelly.impl.ScriptBlock.run(ScriptBlock.java:135)
	at org.apache.commons.jelly.TagSupport.invokeBody(TagSupport.java:233)
	at org.apache.commons.jelly.TagSupport.getBodyText(TagSupport.java:271)
	at org.apache.commons.jelly.tags.ant.AntTag.doTag(AntTag.java:267)
	at org.apache.commons.jelly.impl.TagScript.run(TagScript.java:279)
	at org.apache.commons.jelly.impl.ScriptBlock.run(ScriptBlock.java:135)
	at org.apache.commons.jelly.TagSupport.invokeBody(TagSupport.java:233)
	at org.apache.commons.jelly.TagSupport.getBodyText(TagSupport.java:271)
	at org.apache.commons.jelly.tags.ant.AntTag.doTag(AntTag.java:205)
	at org.apache.commons.jelly.impl.TagScript.run(TagScript.java:279)
	at org.apache.commons.jelly.impl.ScriptBlock.run(ScriptBlock.java:135)
	at org.apache.commons.jelly.TagSupport.invokeBody(TagSupport.java:233)
	at org.apache.commons.jelly.tags.core.IfTag.doTag(IfTag.java:88)
	at org.apache.commons.jelly.impl.TagScript.run(TagScript.java:279)
	at org.apache.commons.jelly.impl.ScriptBlock.run(ScriptBlock.java:135)
	at org.apache.commons.jelly.TagSupport.invokeBody(TagSupport.java:233)
	at org.apache.commons.jelly.tags.core.ForEachTag.doTag(ForEachTag.java:145)
	at org.apache.commons.jelly.impl.TagScript.run(TagScript.java:279)
	at org.apache.commons.jelly.impl.ScriptBlock.run(ScriptBlock.java:135)
	at org.apache.commons.jelly.impl.DynamicTag.doTag(DynamicTag.java:125)
	at org.apache.commons.jelly.impl.TagScript.run(TagScript.java:279)
	at org.apache.commons.jelly.impl.ScriptBlock.run(ScriptBlock.java:135)
	at org.apache.commons.jelly.TagSupport.invokeBody(TagSupport.java:233)
	at org.apache.commons.jelly.tags.core.IfTag.doTag(IfTag.java:88)
	at org.apache.commons.jelly.impl.TagScript.run(TagScript.java:279)
	at org.apache.commons.jelly.impl.ScriptBlock.run(ScriptBlock.java:135)
	at org.apache.commons.jelly.TagSupport.invokeBody(TagSupport.java:233)
	at com.werken.werkz.jelly.GoalTag$1.performAction(GoalTag.java:128)
	at com.werken.werkz.Goal.fire(Goal.java:639)
	at com.werken.werkz.Goal.attain(Goal.java:575)
	at com.werken.werkz.Goal.attainPrecursors(Goal.java:488)
	at com.werken.werkz.Goal.attain(Goal.java:573)
	at com.werken.werkz.Goal.attainPrecursors(Goal.java:488)
	at com.werken.werkz.Goal.attain(Goal.java:573)
	at com.werken.werkz.Goal.attainPrecursors(Goal.java:488)
	at com.werken.werkz.Goal.attain(Goal.java:573)
	at com.werken.werkz.WerkzProject.attainGoal(WerkzProject.java:193)
	at com.werken.werkz.jelly.AttainGoalTag.doTag(AttainGoalTag.java:134)
	at org.apache.maven.jelly.tags.werkz.LazyAttainGoalTag.doTag(LazyAttainGoalTag.java:107)
	at org.apache.commons.jelly.impl.TagScript.run(TagScript.java:279)
	at org.apache.commons.jelly.impl.ScriptBlock.run(ScriptBlock.java:135)
	at org.apache.commons.jelly.TagSupport.invokeBody(TagSupport.java:233)
	at com.werken.werkz.jelly.GoalTag$1.performAction(GoalTag.java:128)
	at com.werken.werkz.Goal.fire(Goal.java:639)
	at com.werken.werkz.Goal.attain(Goal.java:575)
	at com.werken.werkz.Goal.attainPrecursors(Goal.java:488)
	at com.werken.werkz.Goal.attain(Goal.java:573)
	at org.apache.maven.plugin.PluginManager.attainGoals(PluginManager.java:434)
	at org.apache.maven.MavenSession.attainGoals(MavenSession.java:360)
	at org.apache.maven.jelly.tags.maven.ReactorTag.doTag(ReactorTag.java:374)
	at org.apache.commons.jelly.impl.TagScript.run(TagScript.java:279)
	at org.apache.commons.jelly.impl.ScriptBlock.run(ScriptBlock.java:135)
	at org.apache.commons.jelly.TagSupport.invokeBody(TagSupport.java:233)
	at com.werken.werkz.jelly.GoalTag$1.performAction(GoalTag.java:128)
	at com.werken.werkz.Goal.fire(Goal.java:639)
	at com.werken.werkz.Goal.attain(Goal.java:575)
	at org.apache.maven.plugin.PluginManager.attainGoals(PluginManager.java:434)
	at org.apache.maven.MavenSession.attainGoals(MavenSession.java:348)
	at org.apache.maven.cli.App.doMain(App.java:525)
	at org.apache.maven.cli.App.main(App.java:1088)
	at java.lang.reflect.Method.invoke(Native Method)
	at com.werken.forehead.Forehead.run(Forehead.java:543)
	at com.werken.forehead.Forehead.main(Forehead.java:573)
2003-08-10 15:36:04,751 WARN  org.apache.commons.jelly.expression.jexl.JexlExpression - Caught exception evaluating: org.apache.commons.jexl.ExpressionImpl@2a13a. Reason: java.lang.NumberFormatException: includes
java.lang.NumberFormatException: includes
	at java.lang.Integer.parseInt(Integer.java:414)
	at java.lang.Integer.valueOf(Integer.java:516)
	at org.apache.commons.jexl.util.Coercion.coerceInteger(Coercion.java:95)
	at org.apache.commons.jexl.parser.ASTArrayAccess.evaluateExpr(ASTArrayAccess.java:177)
	at org.apache.commons.jexl.parser.ASTIdentifier.execute(ASTIdentifier.java:104)
	at org.apache.commons.jexl.parser.ASTReference.execute(ASTReference.java:106)
	at org.apache.commons.jexl.parser.ASTReference.value(ASTReference.java:88)
	at org.apache.commons.jexl.ExpressionImpl.evaluate(ExpressionImpl.java:123)
	at org.apache.commons.jelly.expression.jexl.JexlExpression.evaluate(JexlExpression.java:115)
	at org.apache.commons.jelly.expression.jexl.JexlExpressionFactory$ExpressionSupportLocal.evaluate(JexlExpressionFactory.java:168)
	at org.apache.commons.jelly.expression.ExpressionSupport.evaluateRecurse(ExpressionSupport.java:106)
	at org.apache.commons.jelly.expression.ExpressionSupport.evaluateAsBoolean(ExpressionSupport.java:116)
	at org.apache.commons.jelly.tags.core.IfTag.doTag(IfTag.java:87)
	at org.apache.commons.jelly.impl.TagScript.run(TagScript.java:279)
	at org.apache.commons.jelly.impl.ScriptBlock.run(ScriptBlock.java:135)
	at org.apache.commons.jelly.TagSupport.invokeBody(TagSupport.java:233)
	at org.apache.commons.jelly.TagSupport.getBodyText(TagSupport.java:271)
	at org.apache.commons.jelly.tags.ant.AntTag.doTag(AntTag.java:267)
	at org.apache.commons.jelly.impl.TagScript.run(TagScript.java:279)
	at org.apache.commons.jelly.impl.ScriptBlock.run(ScriptBlock.java:135)
	at org.apache.commons.jelly.TagSupport.invokeBody(TagSupport.java:233)
	at org.apache.commons.jelly.TagSupport.getBodyText(TagSupport.java:271)
	at org.apache.commons.jelly.tags.ant.AntTag.doTag(AntTag.java:205)
	at org.apache.commons.jelly.impl.TagScript.run(TagScript.java:279)
	at org.apache.commons.jelly.impl.ScriptBlock.run(ScriptBlock.java:135)
	at org.apache.commons.jelly.TagSupport.invokeBody(TagSupport.java:233)
	at org.apache.commons.jelly.tags.core.IfTag.doTag(IfTag.java:88)
	at org.apache.commons.jelly.impl.TagScript.run(TagScript.java:279)
	at org.apache.commons.jelly.impl.ScriptBlock.run(ScriptBlock.java:135)
	at org.apache.commons.jelly.TagSupport.invokeBody(TagSupport.java:233)
	at org.apache.commons.jelly.tags.core.ForEachTag.doTag(ForEachTag.java:145)
	at org.apache.commons.jelly.impl.TagScript.run(TagScript.java:279)
	at org.apache.commons.jelly.impl.ScriptBlock.run(ScriptBlock.java:135)
	at org.apache.commons.jelly.impl.DynamicTag.doTag(DynamicTag.java:125)
	at org.apache.commons.jelly.impl.TagScript.run(TagScript.java:279)
	at org.apache.commons.jelly.impl.ScriptBlock.run(ScriptBlock.java:135)
	at org.apache.commons.jelly.TagSupport.invokeBody(TagSupport.java:233)
	at org.apache.commons.jelly.tags.core.IfTag.doTag(IfTag.java:88)
	at org.apache.commons.jelly.impl.TagScript.run(TagScript.java:279)
	at org.apache.commons.jelly.impl.ScriptBlock.run(ScriptBlock.java:135)
	at org.apache.commons.jelly.TagSupport.invokeBody(TagSupport.java:233)
	at org.apache.commons.jelly.tags.core.IfTag.doTag(IfTag.java:88)
	at org.apache.commons.jelly.impl.TagScript.run(TagScript.java:279)
	at org.apache.commons.jelly.impl.ScriptBlock.run(ScriptBlock.java:135)
	at org.apache.commons.jelly.TagSupport.invokeBody(TagSupport.java:233)
	at com.werken.werkz.jelly.GoalTag$1.performAction(GoalTag.java:128)
	at com.werken.werkz.Goal.fire(Goal.java:639)
	at com.werken.werkz.Goal.attain(Goal.java:575)
	at com.werken.werkz.Goal.attainPrecursors(Goal.java:488)
	at com.werken.werkz.Goal.attain(Goal.java:573)
	at com.werken.werkz.Goal.attainPrecursors(Goal.java:488)
	at com.werken.werkz.Goal.attain(Goal.java:573)
	at com.werken.werkz.Goal.attainPrecursors(Goal.java:488)
	at com.werken.werkz.Goal.attain(Goal.java:573)
	at com.werken.werkz.WerkzProject.attainGoal(WerkzProject.java:193)
	at com.werken.werkz.jelly.AttainGoalTag.doTag(AttainGoalTag.java:134)
	at org.apache.maven.jelly.tags.werkz.LazyAttainGoalTag.doTag(LazyAttainGoalTag.java:107)
	at org.apache.commons.jelly.impl.TagScript.run(TagScript.java:279)
	at org.apache.commons.jelly.impl.ScriptBlock.run(ScriptBlock.java:135)
	at org.apache.commons.jelly.TagSupport.invokeBody(TagSupport.java:233)
	at com.werken.werkz.jelly.GoalTag$1.performAction(GoalTag.java:128)
	at com.werken.werkz.Goal.fire(Goal.java:639)
	at com.werken.werkz.Goal.attain(Goal.java:575)
	at com.werken.werkz.Goal.attainPrecursors(Goal.java:488)
	at com.werken.werkz.Goal.attain(Goal.java:573)
	at org.apache.maven.plugin.PluginManager.attainGoals(PluginManager.java:434)
	at org.apache.maven.MavenSession.attainGoals(MavenSession.java:360)
	at org.apache.maven.jelly.tags.maven.ReactorTag.doTag(ReactorTag.java:374)
	at org.apache.commons.jelly.impl.TagScript.run(TagScript.java:279)
	at org.apache.commons.jelly.impl.ScriptBlock.run(ScriptBlock.java:135)
	at org.apache.commons.jelly.TagSupport.invokeBody(TagSupport.java:233)
	at com.werken.werkz.jelly.GoalTag$1.performAction(GoalTag.java:128)
	at com.werken.werkz.Goal.fire(Goal.java:639)
	at com.werken.werkz.Goal.attain(Goal.java:575)
	at org.apache.maven.plugin.PluginManager.attainGoals(PluginManager.java:434)
	at org.apache.maven.MavenSession.attainGoals(MavenSession.java:348)
	at org.apache.maven.cli.App.doMain(App.java:525)
	at org.apache.maven.cli.App.main(App.java:1088)
	at java.lang.reflect.Method.invoke(Native Method)
	at com.werken.forehead.Forehead.run(Forehead.java:543)
	at com.werken.forehead.Forehead.main(Forehead.java:573)
2003-08-10 15:36:06,454 WARN  org.apache.commons.jelly.expression.jexl.JexlExpression - Caught exception evaluating: org.apache.commons.jexl.ExpressionImpl@74a376. Reason: java.lang.NumberFormatException: includes
java.lang.NumberFormatException: includes
	at java.lang.Integer.parseInt(Integer.java:414)
	at java.lang.Integer.valueOf(Integer.java:516)
	at org.apache.commons.jexl.util.Coercion.coerceInteger(Coercion.java:95)
	at org.apache.commons.jexl.parser.ASTArrayAccess.evaluateExpr(ASTArrayAccess.java:177)
	at org.apache.commons.jexl.parser.ASTIdentifier.execute(ASTIdentifier.java:104)
	at org.apache.commons.jexl.parser.ASTReference.execute(ASTReference.java:106)
	at org.apache.commons.jexl.parser.ASTReference.value(ASTReference.java:88)
	at org.apache.commons.jexl.parser.ASTNotNode.value(ASTNotNode.java:88)
	at org.apache.commons.jexl.parser.ASTExpression.value(ASTExpression.java:85)
	at org.apache.commons.jexl.ExpressionImpl.evaluate(ExpressionImpl.java:123)
	at org.apache.commons.jelly.expression.jexl.JexlExpression.evaluate(JexlExpression.java:115)
	at org.apache.commons.jelly.expression.jexl.JexlExpressionFactory$ExpressionSupportLocal.evaluate(JexlExpressionFactory.java:168)
	at org.apache.commons.jelly.expression.ExpressionSupport.evaluateRecurse(ExpressionSupport.java:106)
	at org.apache.commons.jelly.expression.ExpressionSupport.evaluateAsBoolean(ExpressionSupport.java:116)
	at org.apache.commons.jelly.tags.core.WhenTag.doTag(WhenTag.java:90)
	at org.apache.commons.jelly.impl.TagScript.run(TagScript.java:279)
	at org.apache.commons.jelly.impl.ScriptBlock.run(ScriptBlock.java:135)
	at org.apache.commons.jelly.TagSupport.invokeBody(TagSupport.java:233)
	at org.apache.commons.jelly.tags.core.ChooseTag.doTag(ChooseTag.java:84)
	at org.apache.commons.jelly.impl.TagScript.run(TagScript.java:279)
	at org.apache.commons.jelly.impl.ScriptBlock.run(ScriptBlock.java:135)
	at org.apache.commons.jelly.TagSupport.invokeBody(TagSupport.java:233)
	at com.werken.werkz.jelly.ProjectTag.doTag(ProjectTag.java:112)
	at org.apache.commons.jelly.impl.TagScript.run(TagScript.java:279)
	at org.apache.maven.jelly.JellyUtils.runScript(JellyUtils.java:112)
	at org.apache.maven.jelly.JellyUtils.runScript(JellyUtils.java:139)
	at org.apache.maven.plugin.PluginManager.loadPlugin(PluginManager.java:734)
	at org.apache.maven.plugin.PluginManager.prepDynamicTagLib(PluginManager.java:611)
	at org.apache.maven.plugin.PluginManager.prepDynaTagLibs(PluginManager.java:586)
	at org.apache.maven.plugin.PluginManager.loadPlugin(PluginManager.java:686)
	at org.apache.maven.plugin.PluginManager.loadPlugins(PluginManager.java:766)
	at org.apache.maven.plugin.PluginManager.prepForCallbacks(PluginManager.java:554)
	at org.apache.maven.plugin.PluginManager.prepForGoal(PluginManager.java:525)
	at org.apache.maven.MavenSession.prepForGoal(MavenSession.java:248)
	at org.apache.maven.jelly.tags.werkz.LazyAttainGoalTag.doTag(LazyAttainGoalTag.java:105)
	at org.apache.commons.jelly.impl.TagScript.run(TagScript.java:279)
	at org.apache.commons.jelly.impl.ScriptBlock.run(ScriptBlock.java:135)
	at org.apache.commons.jelly.TagSupport.invokeBody(TagSupport.java:233)
	at com.werken.werkz.jelly.GoalTag$1.performAction(GoalTag.java:128)
	at com.werken.werkz.Goal.fire(Goal.java:639)
	at com.werken.werkz.Goal.attain(Goal.java:575)
	at com.werken.werkz.Goal.attainPrecursors(Goal.java:488)
	at com.werken.werkz.Goal.attain(Goal.java:573)
	at org.apache.maven.plugin.PluginManager.attainGoals(PluginManager.java:434)
	at org.apache.maven.MavenSession.attainGoals(MavenSession.java:360)
	at org.apache.maven.jelly.tags.maven.ReactorTag.doTag(ReactorTag.java:374)
	at org.apache.commons.jelly.impl.TagScript.run(TagScript.java:279)
	at org.apache.commons.jelly.impl.ScriptBlock.run(ScriptBlock.java:135)
	at org.apache.commons.jelly.TagSupport.invokeBody(TagSupport.java:233)
	at com.werken.werkz.jelly.GoalTag$1.performAction(GoalTag.java:128)
	at com.werken.werkz.Goal.fire(Goal.java:639)
	at com.werken.werkz.Goal.attain(Goal.java:575)
	at org.apache.maven.plugin.PluginManager.attainGoals(PluginManager.java:434)
	at org.apache.maven.MavenSession.attainGoals(MavenSession.java:348)
	at org.apache.maven.cli.App.doMain(App.java:525)
	at org.apache.maven.cli.App.main(App.java:1088)
	at java.lang.reflect.Method.invoke(Native Method)
	at com.werken.forehead.Forehead.run(Forehead.java:543)
	at com.werken.forehead.Forehead.main(Forehead.java:573)
2003-08-10 15:36:06,454 WARN  org.apache.commons.jelly.expression.jexl.JexlExpression - Caught exception evaluating: org.apache.commons.jexl.ExpressionImpl@42f703. Reason: java.lang.NumberFormatException: excludes
java.lang.NumberFormatException: excludes
	at java.lang.Integer.parseInt(Integer.java:414)
	at java.lang.Integer.valueOf(Integer.java:516)
	at org.apache.commons.jexl.util.Coercion.coerceInteger(Coercion.java:95)
	at org.apache.commons.jexl.parser.ASTArrayAccess.evaluateExpr(ASTArrayAccess.java:177)
	at org.apache.commons.jexl.parser.ASTIdentifier.execute(ASTIdentifier.java:104)
	at org.apache.commons.jexl.parser.ASTReference.execute(ASTReference.java:106)
	at org.apache.commons.jexl.parser.ASTReference.value(ASTReference.java:88)
	at org.apache.commons.jexl.parser.ASTNotNode.value(ASTNotNode.java:88)
	at org.apache.commons.jexl.parser.ASTExpression.value(ASTExpression.java:85)
	at org.apache.commons.jexl.ExpressionImpl.evaluate(ExpressionImpl.java:123)
	at org.apache.commons.jelly.expression.jexl.JexlExpression.evaluate(JexlExpression.java:115)
	at org.apache.commons.jelly.expression.jexl.JexlExpressionFactory$ExpressionSupportLocal.evaluate(JexlExpressionFactory.java:168)
	at org.apache.commons.jelly.expression.ExpressionSupport.evaluateRecurse(ExpressionSupport.java:106)
	at org.apache.commons.jelly.expression.ExpressionSupport.evaluateAsBoolean(ExpressionSupport.java:116)
	at org.apache.commons.jelly.tags.core.WhenTag.doTag(WhenTag.java:90)
	at org.apache.commons.jelly.impl.TagScript.run(TagScript.java:279)
	at org.apache.commons.jelly.impl.ScriptBlock.run(ScriptBlock.java:135)
	at org.apache.commons.jelly.TagSupport.invokeBody(TagSupport.java:233)
	at org.apache.commons.jelly.tags.core.ChooseTag.doTag(ChooseTag.java:84)
	at org.apache.commons.jelly.impl.TagScript.run(TagScript.java:279)
	at org.apache.commons.jelly.impl.ScriptBlock.run(ScriptBlock.java:135)
	at org.apache.commons.jelly.TagSupport.invokeBody(TagSupport.java:233)
	at com.werken.werkz.jelly.ProjectTag.doTag(ProjectTag.java:112)
	at org.apache.commons.jelly.impl.TagScript.run(TagScript.java:279)
	at org.apache.maven.jelly.JellyUtils.runScript(JellyUtils.java:112)
	at org.apache.maven.jelly.JellyUtils.runScript(JellyUtils.java:139)
	at org.apache.maven.plugin.PluginManager.loadPlugin(PluginManager.java:734)
	at org.apache.maven.plugin.PluginManager.prepDynamicTagLib(PluginManager.java:611)
	at org.apache.maven.plugin.PluginManager.prepDynaTagLibs(PluginManager.java:586)
	at org.apache.maven.plugin.PluginManager.loadPlugin(PluginManager.java:686)
	at org.apache.maven.plugin.PluginManager.loadPlugins(PluginManager.java:766)
	at org.apache.maven.plugin.PluginManager.prepForCallbacks(PluginManager.java:554)
	at org.apache.maven.plugin.PluginManager.prepForGoal(PluginManager.java:525)
	at org.apache.maven.MavenSession.prepForGoal(MavenSession.java:248)
	at org.apache.maven.jelly.tags.werkz.LazyAttainGoalTag.doTag(LazyAttainGoalTag.java:105)
	at org.apache.commons.jelly.impl.TagScript.run(TagScript.java:279)
	at org.apache.commons.jelly.impl.ScriptBlock.run(ScriptBlock.java:135)
	at org.apache.commons.jelly.TagSupport.invokeBody(TagSupport.java:233)
	at com.werken.werkz.jelly.GoalTag$1.performAction(GoalTag.java:128)
	at com.werken.werkz.Goal.fire(Goal.java:639)
	at com.werken.werkz.Goal.attain(Goal.java:575)
	at com.werken.werkz.Goal.attainPrecursors(Goal.java:488)
	at com.werken.werkz.Goal.attain(Goal.java:573)
	at org.apache.maven.plugin.PluginManager.attainGoals(PluginManager.java:434)
	at org.apache.maven.MavenSession.attainGoals(MavenSession.java:360)
	at org.apache.maven.jelly.tags.maven.ReactorTag.doTag(ReactorTag.java:374)
	at org.apache.commons.jelly.impl.TagScript.run(TagScript.java:279)
	at org.apache.commons.jelly.impl.ScriptBlock.run(ScriptBlock.java:135)
	at org.apache.commons.jelly.TagSupport.invokeBody(TagSupport.java:233)
	at com.werken.werkz.jelly.GoalTag$1.performAction(GoalTag.java:128)
	at com.werken.werkz.Goal.fire(Goal.java:639)
	at com.werken.werkz.Goal.attain(Goal.java:575)
	at org.apache.maven.plugin.PluginManager.attainGoals(PluginManager.java:434)
	at org.apache.maven.MavenSession.attainGoals(MavenSession.java:348)
	at org.apache.maven.cli.App.doMain(App.java:525)
	at org.apache.maven.cli.App.main(App.java:1088)
	at java.lang.reflect.Method.invoke(Native Method)
	at com.werken.forehead.Forehead.run(Forehead.java:543)
	at com.werken.forehead.Forehead.main(Forehead.java:573)
2003-08-10 15:36:06,454 WARN  org.apache.commons.jelly.expression.jexl.JexlExpression - Caught exception evaluating: org.apache.commons.jexl.ExpressionImpl@feca1. Reason: java.lang.NumberFormatException: includes
java.lang.NumberFormatException: includes
	at java.lang.Integer.parseInt(Integer.java:414)
	at java.lang.Integer.valueOf(Integer.java:516)
	at org.apache.commons.jexl.util.Coercion.coerceInteger(Coercion.java:95)
	at org.apache.commons.jexl.parser.ASTArrayAccess.evaluateExpr(ASTArrayAccess.java:177)
	at org.apache.commons.jexl.parser.ASTIdentifier.execute(ASTIdentifier.java:104)
	at org.apache.commons.jexl.parser.ASTReference.execute(ASTReference.java:106)
	at org.apache.commons.jexl.parser.ASTReference.value(ASTReference.java:88)
	at org.apache.commons.jexl.ExpressionImpl.evaluate(ExpressionImpl.java:123)
	at org.apache.commons.jelly.expression.jexl.JexlExpression.evaluate(JexlExpression.java:115)
	at org.apache.commons.jelly.expression.jexl.JexlExpressionFactory$ExpressionSupportLocal.evaluate(JexlExpressionFactory.java:168)
	at org.apache.commons.jelly.expression.ExpressionSupport.evaluateRecurse(ExpressionSupport.java:106)
	at org.apache.commons.jelly.expression.ExpressionSupport.evaluateAsIterator(ExpressionSupport.java:146)
	at org.apache.commons.jelly.tags.core.ForEachTag.doTag(ForEachTag.java:127)
	at org.apache.commons.jelly.impl.TagScript.run(TagScript.java:279)
	at org.apache.commons.jelly.impl.ScriptBlock.run(ScriptBlock.java:135)
	at org.apache.commons.jelly.TagSupport.invokeBody(TagSupport.java:233)
	at org.apache.commons.jelly.TagSupport.getBodyText(TagSupport.java:271)
	at org.apache.commons.jelly.tags.ant.AntTag.doTag(AntTag.java:267)
	at org.apache.commons.jelly.impl.TagScript.run(TagScript.java:279)
	at org.apache.commons.jelly.impl.ScriptBlock.run(ScriptBlock.java:135)
	at org.apache.commons.jelly.TagSupport.invokeBody(TagSupport.java:233)
	at com.werken.werkz.jelly.ProjectTag.doTag(ProjectTag.java:112)
	at org.apache.commons.jelly.impl.TagScript.run(TagScript.java:279)
	at org.apache.maven.jelly.JellyUtils.runScript(JellyUtils.java:112)
	at org.apache.maven.jelly.JellyUtils.runScript(JellyUtils.java:139)
	at org.apache.maven.plugin.PluginManager.loadPlugin(PluginManager.java:734)
	at org.apache.maven.plugin.PluginManager.prepDynamicTagLib(PluginManager.java:611)
	at org.apache.maven.plugin.PluginManager.prepDynaTagLibs(PluginManager.java:586)
	at org.apache.maven.plugin.PluginManager.loadPlugin(PluginManager.java:686)
	at org.apache.maven.plugin.PluginManager.loadPlugins(PluginManager.java:766)
	at org.apache.maven.plugin.PluginManager.prepForCallbacks(PluginManager.java:554)
	at org.apache.maven.plugin.PluginManager.prepForGoal(PluginManager.java:525)
	at org.apache.maven.MavenSession.prepForGoal(MavenSession.java:248)
	at org.apache.maven.jelly.tags.werkz.LazyAttainGoalTag.doTag(LazyAttainGoalTag.java:105)
	at org.apache.commons.jelly.impl.TagScript.run(TagScript.java:279)
	at org.apache.commons.jelly.impl.ScriptBlock.run(ScriptBlock.java:135)
	at org.apache.commons.jelly.TagSupport.invokeBody(TagSupport.java:233)
	at com.werken.werkz.jelly.GoalTag$1.performAction(GoalTag.java:128)
	at com.werken.werkz.Goal.fire(Goal.java:639)
	at com.werken.werkz.Goal.attain(Goal.java:575)
	at com.werken.werkz.Goal.attainPrecursors(Goal.java:488)
	at com.werken.werkz.Goal.attain(Goal.java:573)
	at org.apache.maven.plugin.PluginManager.attainGoals(PluginManager.java:434)
	at org.apache.maven.MavenSession.attainGoals(MavenSession.java:360)
	at org.apache.maven.jelly.tags.maven.ReactorTag.doTag(ReactorTag.java:374)
	at org.apache.commons.jelly.impl.TagScript.run(TagScript.java:279)
	at org.apache.commons.jelly.impl.ScriptBlock.run(ScriptBlock.java:135)
	at org.apache.commons.jelly.TagSupport.invokeBody(TagSupport.java:233)
	at com.werken.werkz.jelly.GoalTag$1.performAction(GoalTag.java:128)
	at com.werken.werkz.Goal.fire(Goal.java:639)
	at com.werken.werkz.Goal.attain(Goal.java:575)
	at org.apache.maven.plugin.PluginManager.attainGoals(PluginManager.java:434)
	at org.apache.maven.MavenSession.attainGoals(MavenSession.java:348)
	at org.apache.maven.cli.App.doMain(App.java:525)
	at org.apache.maven.cli.App.main(App.java:1088)
	at java.lang.reflect.Method.invoke(Native Method)
	at com.werken.forehead.Forehead.run(Forehead.java:543)
	at com.werken.forehead.Forehead.main(Forehead.java:573)
2003-08-10 15:36:06,454 WARN  org.apache.commons.jelly.expression.jexl.JexlExpression - Caught exception evaluating: org.apache.commons.jexl.ExpressionImpl@7f395a. Reason: java.lang.NumberFormatException: excludes
java.lang.NumberFormatException: excludes
	at java.lang.Integer.parseInt(Integer.java:414)
	at java.lang.Integer.valueOf(Integer.java:516)
	at org.apache.commons.jexl.util.Coercion.coerceInteger(Coercion.java:95)
	at org.apache.commons.jexl.parser.ASTArrayAccess.evaluateExpr(ASTArrayAccess.java:177)
	at org.apache.commons.jexl.parser.ASTIdentifier.execute(ASTIdentifier.java:104)
	at org.apache.commons.jexl.parser.ASTReference.execute(ASTReference.java:106)
	at org.apache.commons.jexl.parser.ASTReference.value(ASTReference.java:88)
	at org.apache.commons.jexl.ExpressionImpl.evaluate(ExpressionImpl.java:123)
	at org.apache.commons.jelly.expression.jexl.JexlExpression.evaluate(JexlExpression.java:115)
	at org.apache.commons.jelly.expression.jexl.JexlExpressionFactory$ExpressionSupportLocal.evaluate(JexlExpressionFactory.java:168)
	at org.apache.commons.jelly.expression.ExpressionSupport.evaluateRecurse(ExpressionSupport.java:106)
	at org.apache.commons.jelly.expression.ExpressionSupport.evaluateAsIterator(ExpressionSupport.java:146)
	at org.apache.commons.jelly.tags.core.ForEachTag.doTag(ForEachTag.java:127)
	at org.apache.commons.jelly.impl.TagScript.run(TagScript.java:279)
	at org.apache.commons.jelly.impl.ScriptBlock.run(ScriptBlock.java:135)
	at org.apache.commons.jelly.TagSupport.invokeBody(TagSupport.java:233)
	at org.apache.commons.jelly.TagSupport.getBodyText(TagSupport.java:271)
	at org.apache.commons.jelly.tags.ant.AntTag.doTag(AntTag.java:267)
	at org.apache.commons.jelly.impl.TagScript.run(TagScript.java:279)
	at org.apache.commons.jelly.impl.ScriptBlock.run(ScriptBlock.java:135)
	at org.apache.commons.jelly.TagSupport.invokeBody(TagSupport.java:233)
	at com.werken.werkz.jelly.ProjectTag.doTag(ProjectTag.java:112)
	at org.apache.commons.jelly.impl.TagScript.run(TagScript.java:279)
	at org.apache.maven.jelly.JellyUtils.runScript(JellyUtils.java:112)
	at org.apache.maven.jelly.JellyUtils.runScript(JellyUtils.java:139)
	at org.apache.maven.plugin.PluginManager.loadPlugin(PluginManager.java:734)
	at org.apache.maven.plugin.PluginManager.prepDynamicTagLib(PluginManager.java:611)
	at org.apache.maven.plugin.PluginManager.prepDynaTagLibs(PluginManager.java:586)
	at org.apache.maven.plugin.PluginManager.loadPlugin(PluginManager.java:686)
	at org.apache.maven.plugin.PluginManager.loadPlugins(PluginManager.java:766)
	at org.apache.maven.plugin.PluginManager.prepForCallbacks(PluginManager.java:554)
	at org.apache.maven.plugin.PluginManager.prepForGoal(PluginManager.java:525)
	at org.apache.maven.MavenSession.prepForGoal(MavenSession.java:248)
	at org.apache.maven.jelly.tags.werkz.LazyAttainGoalTag.doTag(LazyAttainGoalTag.java:105)
	at org.apache.commons.jelly.impl.TagScript.run(TagScript.java:279)
	at org.apache.commons.jelly.impl.ScriptBlock.run(ScriptBlock.java:135)
	at org.apache.commons.jelly.TagSupport.invokeBody(TagSupport.java:233)
	at com.werken.werkz.jelly.GoalTag$1.performAction(GoalTag.java:128)
	at com.werken.werkz.Goal.fire(Goal.java:639)
	at com.werken.werkz.Goal.attain(Goal.java:575)
	at com.werken.werkz.Goal.attainPrecursors(Goal.java:488)
	at com.werken.werkz.Goal.attain(Goal.java:573)
	at org.apache.maven.plugin.PluginManager.attainGoals(PluginManager.java:434)
	at org.apache.maven.MavenSession.attainGoals(MavenSession.java:360)
	at org.apache.maven.jelly.tags.maven.ReactorTag.doTag(ReactorTag.java:374)
	at org.apache.commons.jelly.impl.TagScript.run(TagScript.java:279)
	at org.apache.commons.jelly.impl.ScriptBlock.run(ScriptBlock.java:135)
	at org.apache.commons.jelly.TagSupport.invokeBody(TagSupport.java:233)
	at com.werken.werkz.jelly.GoalTag$1.performAction(GoalTag.java:128)
	at com.werken.werkz.Goal.fire(Goal.java:639)
	at com.werken.werkz.Goal.attain(Goal.java:575)
	at org.apache.maven.plugin.PluginManager.attainGoals(PluginManager.java:434)
	at org.apache.maven.MavenSession.attainGoals(MavenSession.java:348)
	at org.apache.maven.cli.App.doMain(App.java:525)
	at org.apache.maven.cli.App.main(App.java:1088)
	at java.lang.reflect.Method.invoke(Native Method)
	at com.werken.forehead.Forehead.run(Forehead.java:543)
	at com.werken.forehead.Forehead.main(Forehead.java:573)
2003-08-10 15:36:06,824 WARN  org.apache.commons.jelly.expression.jexl.JexlExpression - Caught exception evaluating: org.apache.commons.jexl.ExpressionImpl@2a13a. Reason: java.lang.NumberFormatException: includes
java.lang.NumberFormatException: includes
	at java.lang.Integer.parseInt(Integer.java:414)
	at java.lang.Integer.valueOf(Integer.java:516)
	at org.apache.commons.jexl.util.Coercion.coerceInteger(Coercion.java:95)
	at org.apache.commons.jexl.parser.ASTArrayAccess.evaluateExpr(ASTArrayAccess.java:177)
	at org.apache.commons.jexl.parser.ASTIdentifier.execute(ASTIdentifier.java:104)
	at org.apache.commons.jexl.parser.ASTReference.execute(ASTReference.java:106)
	at org.apache.commons.jexl.parser.ASTReference.value(ASTReference.java:88)
	at org.apache.commons.jexl.ExpressionImpl.evaluate(ExpressionImpl.java:123)
	at org.apache.commons.jelly.expression.jexl.JexlExpression.evaluate(JexlExpression.java:115)
	at org.apache.commons.jelly.expression.jexl.JexlExpressionFactory$ExpressionSupportLocal.evaluate(JexlExpressionFactory.java:168)
	at org.apache.commons.jelly.expression.ExpressionSupport.evaluateRecurse(ExpressionSupport.java:106)
	at org.apache.commons.jelly.expression.ExpressionSupport.evaluateAsBoolean(ExpressionSupport.java:116)
	at org.apache.commons.jelly.tags.core.IfTag.doTag(IfTag.java:87)
	at org.apache.commons.jelly.impl.TagScript.run(TagScript.java:279)
	at org.apache.commons.jelly.impl.ScriptBlock.run(ScriptBlock.java:135)
	at org.apache.commons.jelly.TagSupport.invokeBody(TagSupport.java:233)
	at org.apache.commons.jelly.TagSupport.getBodyText(TagSupport.java:271)
	at org.apache.commons.jelly.tags.ant.AntTag.doTag(AntTag.java:267)
	at org.apache.commons.jelly.impl.TagScript.run(TagScript.java:279)
	at org.apache.commons.jelly.impl.ScriptBlock.run(ScriptBlock.java:135)
	at org.apache.commons.jelly.TagSupport.invokeBody(TagSupport.java:233)
	at org.apache.commons.jelly.TagSupport.getBodyText(TagSupport.java:271)
	at org.apache.commons.jelly.tags.ant.AntTag.doTag(AntTag.java:205)
	at org.apache.commons.jelly.impl.TagScript.run(TagScript.java:279)
	at org.apache.commons.jelly.impl.ScriptBlock.run(ScriptBlock.java:135)
	at org.apache.commons.jelly.TagSupport.invokeBody(TagSupport.java:233)
	at org.apache.commons.jelly.tags.core.IfTag.doTag(IfTag.java:88)
	at org.apache.commons.jelly.impl.TagScript.run(TagScript.java:279)
	at org.apache.commons.jelly.impl.ScriptBlock.run(ScriptBlock.java:135)
	at org.apache.commons.jelly.TagSupport.invokeBody(TagSupport.java:233)
	at org.apache.commons.jelly.tags.core.ForEachTag.doTag(ForEachTag.java:145)
	at org.apache.commons.jelly.impl.TagScript.run(TagScript.java:279)
	at org.apache.commons.jelly.impl.ScriptBlock.run(ScriptBlock.java:135)
	at org.apache.commons.jelly.impl.DynamicTag.doTag(DynamicTag.java:125)
	at org.apache.commons.jelly.impl.TagScript.run(TagScript.java:279)
	at org.apache.commons.jelly.impl.ScriptBlock.run(ScriptBlock.java:135)
	at org.apache.commons.jelly.TagSupport.invokeBody(TagSupport.java:233)
	at org.apache.commons.jelly.tags.core.IfTag.doTag(IfTag.java:88)
	at org.apache.commons.jelly.impl.TagScript.run(TagScript.java:279)
	at org.apache.commons.jelly.impl.ScriptBlock.run(ScriptBlock.java:135)
	at org.apache.commons.jelly.TagSupport.invokeBody(TagSupport.java:233)
	at com.werken.werkz.jelly.GoalTag$1.performAction(GoalTag.java:128)
	at com.werken.werkz.Goal.fire(Goal.java:639)
	at com.werken.werkz.Goal.attain(Goal.java:575)
	at com.werken.werkz.Goal.attainPrecursors(Goal.java:488)
	at com.werken.werkz.Goal.attain(Goal.java:573)
	at com.werken.werkz.Goal.attainPrecursors(Goal.java:488)
	at com.werken.werkz.Goal.attain(Goal.java:573)
	at com.werken.werkz.Goal.attainPrecursors(Goal.java:488)
	at com.werken.werkz.Goal.attain(Goal.java:573)
	at com.werken.werkz.WerkzProject.attainGoal(WerkzProject.java:193)
	at com.werken.werkz.jelly.AttainGoalTag.doTag(AttainGoalTag.java:134)
	at org.apache.maven.jelly.tags.werkz.LazyAttainGoalTag.doTag(LazyAttainGoalTag.java:107)
	at org.apache.commons.jelly.impl.TagScript.run(TagScript.java:279)
	at org.apache.commons.jelly.impl.ScriptBlock.run(ScriptBlock.java:135)
	at org.apache.commons.jelly.TagSupport.invokeBody(TagSupport.java:233)
	at com.werken.werkz.jelly.GoalTag$1.performAction(GoalTag.java:128)
	at com.werken.werkz.Goal.fire(Goal.java:639)
	at com.werken.werkz.Goal.attain(Goal.java:575)
	at com.werken.werkz.Goal.attainPrecursors(Goal.java:488)
	at com.werken.werkz.Goal.attain(Goal.java:573)
	at org.apache.maven.plugin.PluginManager.attainGoals(PluginManager.java:434)
	at org.apache.maven.MavenSession.attainGoals(MavenSession.java:360)
	at org.apache.maven.jelly.tags.maven.ReactorTag.doTag(ReactorTag.java:374)
	at org.apache.commons.jelly.impl.TagScript.run(TagScript.java:279)
	at org.apache.commons.jelly.impl.ScriptBlock.run(ScriptBlock.java:135)
	at org.apache.commons.jelly.TagSupport.invokeBody(TagSupport.java:233)
	at com.werken.werkz.jelly.GoalTag$1.performAction(GoalTag.java:128)
	at com.werken.werkz.Goal.fire(Goal.java:639)
	at com.werken.werkz.Goal.attain(Goal.java:575)
	at org.apache.maven.plugin.PluginManager.attainGoals(PluginManager.java:434)
	at org.apache.maven.MavenSession.attainGoals(MavenSession.java:348)
	at org.apache.maven.cli.App.doMain(App.java:525)
	at org.apache.maven.cli.App.main(App.java:1088)
	at java.lang.reflect.Method.invoke(Native Method)
	at com.werken.forehead.Forehead.run(Forehead.java:543)
	at com.werken.forehead.Forehead.main(Forehead.java:573)
2003-08-10 15:36:06,844 WARN  org.apache.commons.jelly.expression.jexl.JexlExpression - Caught exception evaluating: org.apache.commons.jexl.ExpressionImpl@2a13a. Reason: java.lang.NumberFormatException: includes
java.lang.NumberFormatException: includes
	at java.lang.Integer.parseInt(Integer.java:414)
	at java.lang.Integer.valueOf(Integer.java:516)
	at org.apache.commons.jexl.util.Coercion.coerceInteger(Coercion.java:95)
	at org.apache.commons.jexl.parser.ASTArrayAccess.evaluateExpr(ASTArrayAccess.java:177)
	at org.apache.commons.jexl.parser.ASTIdentifier.execute(ASTIdentifier.java:104)
	at org.apache.commons.jexl.parser.ASTReference.execute(ASTReference.java:106)
	at org.apache.commons.jexl.parser.ASTReference.value(ASTReference.java:88)
	at org.apache.commons.jexl.ExpressionImpl.evaluate(ExpressionImpl.java:123)
	at org.apache.commons.jelly.expression.jexl.JexlExpression.evaluate(JexlExpression.java:115)
	at org.apache.commons.jelly.expression.jexl.JexlExpressionFactory$ExpressionSupportLocal.evaluate(JexlExpressionFactory.java:168)
	at org.apache.commons.jelly.expression.ExpressionSupport.evaluateRecurse(ExpressionSupport.java:106)
	at org.apache.commons.jelly.expression.ExpressionSupport.evaluateAsBoolean(ExpressionSupport.java:116)
	at org.apache.commons.jelly.tags.core.IfTag.doTag(IfTag.java:87)
	at org.apache.commons.jelly.impl.TagScript.run(TagScript.java:279)
	at org.apache.commons.jelly.impl.ScriptBlock.run(ScriptBlock.java:135)
	at org.apache.commons.jelly.TagSupport.invokeBody(TagSupport.java:233)
	at org.apache.commons.jelly.TagSupport.getBodyText(TagSupport.java:271)
	at org.apache.commons.jelly.tags.ant.AntTag.doTag(AntTag.java:267)
	at org.apache.commons.jelly.impl.TagScript.run(TagScript.java:279)
	at org.apache.commons.jelly.impl.ScriptBlock.run(ScriptBlock.java:135)
	at org.apache.commons.jelly.TagSupport.invokeBody(TagSupport.java:233)
	at org.apache.commons.jelly.TagSupport.getBodyText(TagSupport.java:271)
	at org.apache.commons.jelly.tags.ant.AntTag.doTag(AntTag.java:205)
	at org.apache.commons.jelly.impl.TagScript.run(TagScript.java:279)
	at org.apache.commons.jelly.impl.ScriptBlock.run(ScriptBlock.java:135)
	at org.apache.commons.jelly.TagSupport.invokeBody(TagSupport.java:233)
	at org.apache.commons.jelly.tags.core.IfTag.doTag(IfTag.java:88)
	at org.apache.commons.jelly.impl.TagScript.run(TagScript.java:279)
	at org.apache.commons.jelly.impl.ScriptBlock.run(ScriptBlock.java:135)
	at org.apache.commons.jelly.TagSupport.invokeBody(TagSupport.java:233)
	at org.apache.commons.jelly.tags.core.ForEachTag.doTag(ForEachTag.java:145)
	at org.apache.commons.jelly.impl.TagScript.run(TagScript.java:279)
	at org.apache.commons.jelly.impl.ScriptBlock.run(ScriptBlock.java:135)
	at org.apache.commons.jelly.impl.DynamicTag.doTag(DynamicTag.java:125)
	at org.apache.commons.jelly.impl.TagScript.run(TagScript.java:279)
	at org.apache.commons.jelly.impl.ScriptBlock.run(ScriptBlock.java:135)
	at org.apache.commons.jelly.TagSupport.invokeBody(TagSupport.java:233)
	at org.apache.commons.jelly.tags.core.IfTag.doTag(IfTag.java:88)
	at org.apache.commons.jelly.impl.TagScript.run(TagScript.java:279)
	at org.apache.commons.jelly.impl.ScriptBlock.run(ScriptBlock.java:135)
	at org.apache.commons.jelly.TagSupport.invokeBody(TagSupport.java:233)
	at com.werken.werkz.jelly.GoalTag$1.performAction(GoalTag.java:128)
	at com.werken.werkz.Goal.fire(Goal.java:639)
	at com.werken.werkz.Goal.attain(Goal.java:575)
	at com.werken.werkz.Goal.attainPrecursors(Goal.java:488)
	at com.werken.werkz.Goal.attain(Goal.java:573)
	at com.werken.werkz.Goal.attainPrecursors(Goal.java:488)
	at com.werken.werkz.Goal.attain(Goal.java:573)
	at com.werken.werkz.Goal.attainPrecursors(Goal.java:488)
	at com.werken.werkz.Goal.attain(Goal.java:573)
	at com.werken.werkz.WerkzProject.attainGoal(WerkzProject.java:193)
	at com.werken.werkz.jelly.AttainGoalTag.doTag(AttainGoalTag.java:134)
	at org.apache.maven.jelly.tags.werkz.LazyAttainGoalTag.doTag(LazyAttainGoalTag.java:107)
	at org.apache.commons.jelly.impl.TagScript.run(TagScript.java:279)
	at org.apache.commons.jelly.impl.ScriptBlock.run(ScriptBlock.java:135)
	at org.apache.commons.jelly.TagSupport.invokeBody(TagSupport.java:233)
	at com.werken.werkz.jelly.GoalTag$1.performAction(GoalTag.java:128)
	at com.werken.werkz.Goal.fire(Goal.java:639)
	at com.werken.werkz.Goal.attain(Goal.java:575)
	at com.werken.werkz.Goal.attainPrecursors(Goal.java:488)
	at com.werken.werkz.Goal.attain(Goal.java:573)
	at org.apache.maven.plugin.PluginManager.attainGoals(PluginManager.java:434)
	at org.apache.maven.MavenSession.attainGoals(MavenSession.java:360)
	at org.apache.maven.jelly.tags.maven.ReactorTag.doTag(ReactorTag.java:374)
	at org.apache.commons.jelly.impl.TagScript.run(TagScript.java:279)
	at org.apache.commons.jelly.impl.ScriptBlock.run(ScriptBlock.java:135)
	at org.apache.commons.jelly.TagSupport.invokeBody(TagSupport.java:233)
	at com.werken.werkz.jelly.GoalTag$1.performAction(GoalTag.java:128)
	at com.werken.werkz.Goal.fire(Goal.java:639)
	at com.werken.werkz.Goal.attain(Goal.java:575)
	at org.apache.maven.plugin.PluginManager.attainGoals(PluginManager.java:434)
	at org.apache.maven.MavenSession.attainGoals(MavenSession.java:348)
	at org.apache.maven.cli.App.doMain(App.java:525)
	at org.apache.maven.cli.App.main(App.java:1088)
	at java.lang.reflect.Method.invoke(Native Method)
	at com.werken.forehead.Forehead.run(Forehead.java:543)
	at com.werken.forehead.Forehead.main(Forehead.java:573)
