2003-06-08 16:10:11,062 INFO  org.apache.maven.plugin.PluginManager - Initializing Plugins!
2003-06-08 16:10:11,187 INFO  org.apache.maven.plugin.PluginManager - Processing Plugin: maven-castor-plugin-1.0
2003-06-08 16:10:11,312 INFO  org.apache.maven.plugin.PluginManager - Processing Plugin: maven-deploy-plugin-1.1
2003-06-08 16:10:11,359 INFO  org.apache.maven.plugin.PluginManager - Processing Plugin: maven-plexus-plugin-0.2
2003-06-08 16:10:11,390 INFO  org.apache.maven.plugin.PluginManager - Processing Plugin: maven-sea-plugin-1.0
2003-06-08 16:10:11,390 INFO  org.apache.maven.plugin.PluginManager - Processing Plugin: maven-vdoclet-plugin-1.0
2003-06-08 16:10:11,468 INFO  org.apache.maven.plugin.PluginManager - Finished initializing Plugins!
2003-06-08 16:10:12,781 ERROR org.apache.commons.jelly.tags.ant.AntTag - Class com.werken.werkz.jelly.ProjectTag doesn't support the nested "path" element.
2003-06-08 16:10:13,375 ERROR org.apache.commons.jelly.tags.ant.AntTag - Class com.werken.werkz.jelly.GoalTag doesn't support the nested "echo" element.
2003-06-08 16:10:13,390 ERROR org.apache.commons.jelly.tags.ant.AntTag - Class com.werken.werkz.jelly.GoalTag doesn't support the nested "echo" element.
2003-06-08 16:10:13,656 ERROR org.apache.commons.jelly.tags.ant.AntTag - Class org.apache.commons.jelly.tags.core.IfTag doesn't support the nested "available" element.
2003-06-08 16:10:13,671 ERROR org.apache.commons.jelly.tags.ant.AntTag - Class org.apache.commons.jelly.tags.core.IfTag doesn't support the nested "available" element.
2003-06-08 16:10:13,671 ERROR org.apache.commons.jelly.tags.ant.AntTag - Class com.werken.werkz.jelly.ProjectTag doesn't support the nested "path" element.
2003-06-08 16:10:13,671 ERROR org.apache.commons.jelly.tags.ant.AntTag - Class org.apache.commons.jelly.tags.core.IfTag doesn't support the nested "path" element.
2003-06-08 16:10:13,671 ERROR org.apache.commons.jelly.tags.ant.AntTag - Class org.apache.commons.jelly.tags.core.IfTag doesn't support the nested "path" element.
2003-06-08 16:10:13,812 ERROR org.apache.commons.jelly.tags.ant.AntTag - Class org.apache.commons.jelly.tags.core.IfTag doesn't support the nested "available" element.
2003-06-08 16:10:13,812 ERROR org.apache.commons.jelly.tags.ant.AntTag - Class org.apache.commons.jelly.tags.core.IfTag doesn't support the nested "available" element.
2003-06-08 16:10:13,812 ERROR org.apache.commons.jelly.tags.ant.AntTag - Class com.werken.werkz.jelly.ProjectTag doesn't support the nested "path" element.
2003-06-08 16:10:13,828 ERROR org.apache.commons.jelly.tags.ant.AntTag - Class org.apache.commons.jelly.tags.core.IfTag doesn't support the nested "path" element.
2003-06-08 16:10:13,828 ERROR org.apache.commons.jelly.tags.ant.AntTag - Class org.apache.commons.jelly.tags.core.IfTag doesn't support the nested "path" element.
2003-06-08 16:10:14,015 ERROR org.apache.commons.jelly.tags.ant.AntTag - Class org.apache.commons.jelly.tags.core.IfTag doesn't support the nested "available" element.
2003-06-08 16:10:14,015 ERROR org.apache.commons.jelly.tags.ant.AntTag - Class org.apache.commons.jelly.tags.core.IfTag doesn't support the nested "available" element.
2003-06-08 16:10:14,015 ERROR org.apache.commons.jelly.tags.ant.AntTag - Class com.werken.werkz.jelly.ProjectTag doesn't support the nested "path" element.
2003-06-08 16:10:14,015 ERROR org.apache.commons.jelly.tags.ant.AntTag - Class org.apache.commons.jelly.tags.core.IfTag doesn't support the nested "path" element.
2003-06-08 16:10:14,015 ERROR org.apache.commons.jelly.tags.ant.AntTag - Class org.apache.commons.jelly.tags.core.IfTag doesn't support the nested "path" element.
2003-06-08 16:10:14,250 ERROR org.apache.commons.jelly.tags.ant.AntTag - Class org.apache.commons.jelly.tags.core.IfTag doesn't support the nested "available" element.
2003-06-08 16:10:14,265 ERROR org.apache.commons.jelly.tags.ant.AntTag - Class org.apache.commons.jelly.tags.core.IfTag doesn't support the nested "available" element.
2003-06-08 16:10:14,265 ERROR org.apache.commons.jelly.tags.ant.AntTag - Class com.werken.werkz.jelly.ProjectTag doesn't support the nested "path" element.
2003-06-08 16:10:14,265 ERROR org.apache.commons.jelly.tags.ant.AntTag - Class org.apache.commons.jelly.tags.core.IfTag doesn't support the nested "path" element.
2003-06-08 16:10:14,265 ERROR org.apache.commons.jelly.tags.ant.AntTag - Class org.apache.commons.jelly.tags.core.IfTag doesn't support the nested "path" element.
2003-06-08 16:10:14,421 ERROR org.apache.commons.jelly.tags.ant.AntTag - Class org.apache.commons.jelly.tags.core.IfTag doesn't support the nested "available" element.
2003-06-08 16:10:14,421 ERROR org.apache.commons.jelly.tags.ant.AntTag - Class org.apache.commons.jelly.tags.core.IfTag doesn't support the nested "available" element.
2003-06-08 16:10:14,421 ERROR org.apache.commons.jelly.tags.ant.AntTag - Class com.werken.werkz.jelly.ProjectTag doesn't support the nested "path" element.
2003-06-08 16:10:14,421 ERROR org.apache.commons.jelly.tags.ant.AntTag - Class org.apache.commons.jelly.tags.core.IfTag doesn't support the nested "path" element.
2003-06-08 16:10:14,421 ERROR org.apache.commons.jelly.tags.ant.AntTag - Class org.apache.commons.jelly.tags.core.IfTag doesn't support the nested "path" element.
2003-06-08 16:10:14,515 ERROR org.apache.commons.jelly.tags.ant.AntTag - Class org.apache.commons.jelly.tags.core.IfTag doesn't support the nested "available" element.
2003-06-08 16:10:14,515 ERROR org.apache.commons.jelly.tags.ant.AntTag - Class org.apache.commons.jelly.tags.core.IfTag doesn't support the nested "available" element.
2003-06-08 16:10:14,515 ERROR org.apache.commons.jelly.tags.ant.AntTag - Class com.werken.werkz.jelly.ProjectTag doesn't support the nested "path" element.
2003-06-08 16:10:14,515 ERROR org.apache.commons.jelly.tags.ant.AntTag - Class org.apache.commons.jelly.tags.core.IfTag doesn't support the nested "path" element.
2003-06-08 16:10:14,515 ERROR org.apache.commons.jelly.tags.ant.AntTag - Class org.apache.commons.jelly.tags.core.IfTag doesn't support the nested "path" element.
2003-06-08 16:10:14,734 ERROR org.apache.commons.jelly.tags.ant.AntTag - Class org.apache.commons.jelly.tags.core.IfTag doesn't support the nested "available" element.
2003-06-08 16:10:14,734 ERROR org.apache.commons.jelly.tags.ant.AntTag - Class org.apache.commons.jelly.tags.core.IfTag doesn't support the nested "available" element.
2003-06-08 16:10:14,734 ERROR org.apache.commons.jelly.tags.ant.AntTag - Class com.werken.werkz.jelly.ProjectTag doesn't support the nested "path" element.
2003-06-08 16:10:14,734 ERROR org.apache.commons.jelly.tags.ant.AntTag - Class org.apache.commons.jelly.tags.core.IfTag doesn't support the nested "path" element.
2003-06-08 16:10:14,734 ERROR org.apache.commons.jelly.tags.ant.AntTag - Class org.apache.commons.jelly.tags.core.IfTag doesn't support the nested "path" element.
2003-06-08 16:10:14,843 ERROR org.apache.commons.jelly.tags.ant.AntTag - Class org.apache.commons.jelly.tags.core.IfTag doesn't support the nested "available" element.
2003-06-08 16:10:14,843 ERROR org.apache.commons.jelly.tags.ant.AntTag - Class org.apache.commons.jelly.tags.core.IfTag doesn't support the nested "available" element.
2003-06-08 16:10:14,843 ERROR org.apache.commons.jelly.tags.ant.AntTag - Class com.werken.werkz.jelly.ProjectTag doesn't support the nested "path" element.
2003-06-08 16:10:14,843 ERROR org.apache.commons.jelly.tags.ant.AntTag - Class org.apache.commons.jelly.tags.core.IfTag doesn't support the nested "path" element.
2003-06-08 16:10:14,843 ERROR org.apache.commons.jelly.tags.ant.AntTag - Class org.apache.commons.jelly.tags.core.IfTag doesn't support the nested "path" element.
2003-06-08 16:10:14,937 ERROR org.apache.commons.jelly.tags.ant.AntTag - Class org.apache.commons.jelly.tags.core.IfTag doesn't support the nested "available" element.
2003-06-08 16:10:14,937 ERROR org.apache.commons.jelly.tags.ant.AntTag - Class org.apache.commons.jelly.tags.core.IfTag doesn't support the nested "available" element.
2003-06-08 16:10:14,937 ERROR org.apache.commons.jelly.tags.ant.AntTag - Class com.werken.werkz.jelly.ProjectTag doesn't support the nested "path" element.
2003-06-08 16:10:14,937 ERROR org.apache.commons.jelly.tags.ant.AntTag - Class org.apache.commons.jelly.tags.core.IfTag doesn't support the nested "path" element.
2003-06-08 16:10:14,937 ERROR org.apache.commons.jelly.tags.ant.AntTag - Class org.apache.commons.jelly.tags.core.IfTag doesn't support the nested "path" element.
2003-06-08 16:10:15,031 ERROR org.apache.commons.jelly.tags.ant.AntTag - Class org.apache.commons.jelly.tags.core.IfTag doesn't support the nested "available" element.
2003-06-08 16:10:15,031 ERROR org.apache.commons.jelly.tags.ant.AntTag - Class org.apache.commons.jelly.tags.core.IfTag doesn't support the nested "available" element.
2003-06-08 16:10:15,031 ERROR org.apache.commons.jelly.tags.ant.AntTag - Class com.werken.werkz.jelly.ProjectTag doesn't support the nested "path" element.
2003-06-08 16:10:15,031 ERROR org.apache.commons.jelly.tags.ant.AntTag - Class org.apache.commons.jelly.tags.core.IfTag doesn't support the nested "path" element.
2003-06-08 16:10:15,031 ERROR org.apache.commons.jelly.tags.ant.AntTag - Class org.apache.commons.jelly.tags.core.IfTag doesn't support the nested "path" element.
2003-06-08 16:10:15,109 ERROR org.apache.commons.jelly.tags.ant.AntTag - Class org.apache.commons.jelly.tags.core.IfTag doesn't support the nested "available" element.
2003-06-08 16:10:15,109 ERROR org.apache.commons.jelly.tags.ant.AntTag - Class org.apache.commons.jelly.tags.core.IfTag doesn't support the nested "available" element.
2003-06-08 16:10:15,109 ERROR org.apache.commons.jelly.tags.ant.AntTag - Class com.werken.werkz.jelly.ProjectTag doesn't support the nested "path" element.
2003-06-08 16:10:15,109 ERROR org.apache.commons.jelly.tags.ant.AntTag - Class org.apache.commons.jelly.tags.core.IfTag doesn't support the nested "path" element.
2003-06-08 16:10:15,109 ERROR org.apache.commons.jelly.tags.ant.AntTag - Class org.apache.commons.jelly.tags.core.IfTag doesn't support the nested "path" element.
2003-06-08 16:10:15,171 ERROR org.apache.commons.jelly.tags.ant.AntTag - Class org.apache.commons.jelly.tags.core.IfTag doesn't support the nested "available" element.
2003-06-08 16:10:15,171 ERROR org.apache.commons.jelly.tags.ant.AntTag - Class org.apache.commons.jelly.tags.core.IfTag doesn't support the nested "available" element.
2003-06-08 16:10:15,171 ERROR org.apache.commons.jelly.tags.ant.AntTag - Class com.werken.werkz.jelly.ProjectTag doesn't support the nested "path" element.
2003-06-08 16:10:15,171 ERROR org.apache.commons.jelly.tags.ant.AntTag - Class org.apache.commons.jelly.tags.core.IfTag doesn't support the nested "path" element.
2003-06-08 16:10:15,187 ERROR org.apache.commons.jelly.tags.ant.AntTag - Class org.apache.commons.jelly.tags.core.IfTag doesn't support the nested "path" element.
2003-06-08 16:10:15,281 ERROR org.apache.commons.jelly.tags.ant.AntTag - Class com.werken.werkz.jelly.ProjectTag doesn't support the nested "property" element.
2003-06-08 16:10:15,296 ERROR org.apache.commons.jelly.tags.ant.AntTag - Class com.werken.werkz.jelly.ProjectTag doesn't support the nested "property" element.
2003-06-08 16:10:15,296 ERROR org.apache.commons.jelly.tags.ant.AntTag - Class com.werken.werkz.jelly.ProjectTag doesn't support the nested "property" element.
2003-06-08 16:10:15,296 ERROR org.apache.commons.jelly.tags.ant.AntTag - Class com.werken.werkz.jelly.ProjectTag doesn't support the nested "property" element.
2003-06-08 16:10:15,296 ERROR org.apache.commons.jelly.tags.ant.AntTag - Class com.werken.werkz.jelly.ProjectTag doesn't support the nested "property" element.
2003-06-08 16:10:15,359 ERROR org.apache.commons.jelly.tags.ant.AntTag - Class com.werken.werkz.jelly.GoalTag doesn't support the nested "mkdir" element.
2003-06-08 16:10:15,359 ERROR org.apache.commons.jelly.tags.ant.AntTag - Class com.werken.werkz.jelly.GoalTag doesn't support the nested "mkdir" element.
2003-06-08 16:10:15,359 ERROR org.apache.commons.jelly.tags.ant.AntTag - Class com.werken.werkz.jelly.GoalTag doesn't support the nested "available" element.
2003-06-08 16:10:15,640 ERROR org.apache.commons.jelly.tags.ant.AntTag - Class com.werken.werkz.jelly.ProjectTag doesn't support the nested "property" element.
2003-06-08 16:10:15,656 ERROR org.apache.commons.jelly.tags.ant.AntTag - Class com.werken.werkz.jelly.ProjectTag doesn't support the nested "property" element.
2003-06-08 16:10:15,671 ERROR org.apache.commons.jelly.tags.ant.AntTag - Class com.werken.werkz.jelly.ProjectTag doesn't support the nested "property" element.
2003-06-08 16:10:15,671 ERROR org.apache.commons.jelly.tags.ant.AntTag - Class com.werken.werkz.jelly.ProjectTag doesn't support the nested "property" element.
2003-06-08 16:10:15,671 ERROR org.apache.commons.jelly.tags.ant.AntTag - Class com.werken.werkz.jelly.ProjectTag doesn't support the nested "property" element.
2003-06-08 16:10:15,703 ERROR org.apache.commons.jelly.tags.ant.AntTag - Class com.werken.werkz.jelly.GoalTag doesn't support the nested "mkdir" element.
2003-06-08 16:10:15,703 ERROR org.apache.commons.jelly.tags.ant.AntTag - Class com.werken.werkz.jelly.GoalTag doesn't support the nested "mkdir" element.
2003-06-08 16:10:15,703 ERROR org.apache.commons.jelly.tags.ant.AntTag - Class com.werken.werkz.jelly.GoalTag doesn't support the nested "available" element.
2003-06-08 16:10:15,796 ERROR org.apache.commons.jelly.tags.ant.AntTag - Class com.werken.werkz.jelly.ProjectTag doesn't support the nested "property" element.
2003-06-08 16:10:15,812 ERROR org.apache.commons.jelly.tags.ant.AntTag - Class com.werken.werkz.jelly.ProjectTag doesn't support the nested "property" element.
2003-06-08 16:10:15,812 ERROR org.apache.commons.jelly.tags.ant.AntTag - Class com.werken.werkz.jelly.ProjectTag doesn't support the nested "property" element.
2003-06-08 16:10:15,812 ERROR org.apache.commons.jelly.tags.ant.AntTag - Class com.werken.werkz.jelly.ProjectTag doesn't support the nested "property" element.
2003-06-08 16:10:15,812 ERROR org.apache.commons.jelly.tags.ant.AntTag - Class com.werken.werkz.jelly.ProjectTag doesn't support the nested "property" element.
2003-06-08 16:10:15,875 ERROR org.apache.commons.jelly.tags.ant.AntTag - Class com.werken.werkz.jelly.GoalTag doesn't support the nested "mkdir" element.
2003-06-08 16:10:15,875 ERROR org.apache.commons.jelly.tags.ant.AntTag - Class com.werken.werkz.jelly.GoalTag doesn't support the nested "mkdir" element.
2003-06-08 16:10:15,875 ERROR org.apache.commons.jelly.tags.ant.AntTag - Class com.werken.werkz.jelly.GoalTag doesn't support the nested "available" element.
2003-06-08 16:10:16,109 ERROR org.apache.commons.jelly.tags.ant.AntTag - Class com.werken.werkz.jelly.ProjectTag doesn't support the nested "property" element.
2003-06-08 16:10:16,109 ERROR org.apache.commons.jelly.tags.ant.AntTag - Class com.werken.werkz.jelly.ProjectTag doesn't support the nested "property" element.
2003-06-08 16:10:16,109 ERROR org.apache.commons.jelly.tags.ant.AntTag - Class com.werken.werkz.jelly.ProjectTag doesn't support the nested "property" element.
2003-06-08 16:10:16,109 ERROR org.apache.commons.jelly.tags.ant.AntTag - Class com.werken.werkz.jelly.ProjectTag doesn't support the nested "property" element.
2003-06-08 16:10:16,125 ERROR org.apache.commons.jelly.tags.ant.AntTag - Class com.werken.werkz.jelly.ProjectTag doesn't support the nested "property" element.
2003-06-08 16:10:16,203 ERROR org.apache.commons.jelly.tags.ant.AntTag - Class com.werken.werkz.jelly.GoalTag doesn't support the nested "mkdir" element.
2003-06-08 16:10:16,203 ERROR org.apache.commons.jelly.tags.ant.AntTag - Class com.werken.werkz.jelly.GoalTag doesn't support the nested "mkdir" element.
2003-06-08 16:10:16,203 ERROR org.apache.commons.jelly.tags.ant.AntTag - Class com.werken.werkz.jelly.GoalTag doesn't support the nested "available" element.
2003-06-08 16:10:16,281 ERROR org.apache.commons.jelly.tags.ant.AntTag - Class com.werken.werkz.jelly.ProjectTag doesn't support the nested "property" element.
2003-06-08 16:10:16,281 ERROR org.apache.commons.jelly.tags.ant.AntTag - Class com.werken.werkz.jelly.ProjectTag doesn't support the nested "property" element.
2003-06-08 16:10:16,281 ERROR org.apache.commons.jelly.tags.ant.AntTag - Class com.werken.werkz.jelly.ProjectTag doesn't support the nested "property" element.
2003-06-08 16:10:16,281 ERROR org.apache.commons.jelly.tags.ant.AntTag - Class com.werken.werkz.jelly.ProjectTag doesn't support the nested "property" element.
2003-06-08 16:10:16,296 ERROR org.apache.commons.jelly.tags.ant.AntTag - Class com.werken.werkz.jelly.ProjectTag doesn't support the nested "property" element.
2003-06-08 16:10:16,328 ERROR org.apache.commons.jelly.tags.ant.AntTag - Class com.werken.werkz.jelly.GoalTag doesn't support the nested "mkdir" element.
2003-06-08 16:10:16,328 ERROR org.apache.commons.jelly.tags.ant.AntTag - Class com.werken.werkz.jelly.GoalTag doesn't support the nested "mkdir" element.
2003-06-08 16:10:16,328 ERROR org.apache.commons.jelly.tags.ant.AntTag - Class com.werken.werkz.jelly.GoalTag doesn't support the nested "available" element.
2003-06-08 16:10:16,406 ERROR org.apache.commons.jelly.tags.ant.AntTag - Class com.werken.werkz.jelly.ProjectTag doesn't support the nested "property" element.
2003-06-08 16:10:16,421 ERROR org.apache.commons.jelly.tags.ant.AntTag - Class com.werken.werkz.jelly.ProjectTag doesn't support the nested "property" element.
2003-06-08 16:10:16,437 ERROR org.apache.commons.jelly.tags.ant.AntTag - Class com.werken.werkz.jelly.ProjectTag doesn't support the nested "property" element.
2003-06-08 16:10:16,437 ERROR org.apache.commons.jelly.tags.ant.AntTag - Class com.werken.werkz.jelly.ProjectTag doesn't support the nested "property" element.
2003-06-08 16:10:16,437 ERROR org.apache.commons.jelly.tags.ant.AntTag - Class com.werken.werkz.jelly.ProjectTag doesn't support the nested "property" element.
2003-06-08 16:10:16,468 ERROR org.apache.commons.jelly.tags.ant.AntTag - Class com.werken.werkz.jelly.GoalTag doesn't support the nested "mkdir" element.
2003-06-08 16:10:16,468 ERROR org.apache.commons.jelly.tags.ant.AntTag - Class com.werken.werkz.jelly.GoalTag doesn't support the nested "mkdir" element.
2003-06-08 16:10:16,468 ERROR org.apache.commons.jelly.tags.ant.AntTag - Class com.werken.werkz.jelly.GoalTag doesn't support the nested "available" element.
2003-06-08 16:10:16,578 ERROR org.apache.commons.jelly.tags.ant.AntTag - Class com.werken.werkz.jelly.ProjectTag doesn't support the nested "property" element.
2003-06-08 16:10:16,578 ERROR org.apache.commons.jelly.tags.ant.AntTag - Class com.werken.werkz.jelly.ProjectTag doesn't support the nested "property" element.
2003-06-08 16:10:16,593 ERROR org.apache.commons.jelly.tags.ant.AntTag - Class com.werken.werkz.jelly.ProjectTag doesn't support the nested "property" element.
2003-06-08 16:10:16,593 ERROR org.apache.commons.jelly.tags.ant.AntTag - Class com.werken.werkz.jelly.ProjectTag doesn't support the nested "property" element.
2003-06-08 16:10:16,593 ERROR org.apache.commons.jelly.tags.ant.AntTag - Class com.werken.werkz.jelly.ProjectTag doesn't support the nested "property" element.
2003-06-08 16:10:16,625 ERROR org.apache.commons.jelly.tags.ant.AntTag - Class com.werken.werkz.jelly.GoalTag doesn't support the nested "mkdir" element.
2003-06-08 16:10:16,625 ERROR org.apache.commons.jelly.tags.ant.AntTag - Class com.werken.werkz.jelly.GoalTag doesn't support the nested "mkdir" element.
2003-06-08 16:10:16,640 ERROR org.apache.commons.jelly.tags.ant.AntTag - Class com.werken.werkz.jelly.GoalTag doesn't support the nested "available" element.
2003-06-08 16:10:16,703 ERROR org.apache.commons.jelly.tags.ant.AntTag - Class com.werken.werkz.jelly.ProjectTag doesn't support the nested "property" element.
2003-06-08 16:10:16,703 ERROR org.apache.commons.jelly.tags.ant.AntTag - Class com.werken.werkz.jelly.ProjectTag doesn't support the nested "property" element.
2003-06-08 16:10:16,718 ERROR org.apache.commons.jelly.tags.ant.AntTag - Class com.werken.werkz.jelly.ProjectTag doesn't support the nested "property" element.
2003-06-08 16:10:16,718 ERROR org.apache.commons.jelly.tags.ant.AntTag - Class com.werken.werkz.jelly.ProjectTag doesn't support the nested "property" element.
2003-06-08 16:10:16,718 ERROR org.apache.commons.jelly.tags.ant.AntTag - Class com.werken.werkz.jelly.ProjectTag doesn't support the nested "property" element.
2003-06-08 16:10:17,093 ERROR org.apache.commons.jelly.tags.ant.AntTag - Class com.werken.werkz.jelly.GoalTag doesn't support the nested "mkdir" element.
2003-06-08 16:10:17,093 ERROR org.apache.commons.jelly.tags.ant.AntTag - Class com.werken.werkz.jelly.GoalTag doesn't support the nested "mkdir" element.
2003-06-08 16:10:17,093 ERROR org.apache.commons.jelly.tags.ant.AntTag - Class com.werken.werkz.jelly.GoalTag doesn't support the nested "available" element.
2003-06-08 16:10:17,171 ERROR org.apache.commons.jelly.tags.ant.AntTag - Class com.werken.werkz.jelly.ProjectTag doesn't support the nested "property" element.
2003-06-08 16:10:17,187 ERROR org.apache.commons.jelly.tags.ant.AntTag - Class com.werken.werkz.jelly.ProjectTag doesn't support the nested "property" element.
2003-06-08 16:10:17,187 ERROR org.apache.commons.jelly.tags.ant.AntTag - Class com.werken.werkz.jelly.ProjectTag doesn't support the nested "property" element.
2003-06-08 16:10:17,187 ERROR org.apache.commons.jelly.tags.ant.AntTag - Class com.werken.werkz.jelly.ProjectTag doesn't support the nested "property" element.
2003-06-08 16:10:17,187 ERROR org.apache.commons.jelly.tags.ant.AntTag - Class com.werken.werkz.jelly.ProjectTag doesn't support the nested "property" element.
2003-06-08 16:10:17,218 ERROR org.apache.commons.jelly.tags.ant.AntTag - Class com.werken.werkz.jelly.GoalTag doesn't support the nested "mkdir" element.
2003-06-08 16:10:17,218 ERROR org.apache.commons.jelly.tags.ant.AntTag - Class com.werken.werkz.jelly.GoalTag doesn't support the nested "mkdir" element.
2003-06-08 16:10:17,218 ERROR org.apache.commons.jelly.tags.ant.AntTag - Class com.werken.werkz.jelly.GoalTag doesn't support the nested "available" element.
2003-06-08 16:10:17,296 ERROR org.apache.commons.jelly.tags.ant.AntTag - Class com.werken.werkz.jelly.ProjectTag doesn't support the nested "property" element.
2003-06-08 16:10:17,312 ERROR org.apache.commons.jelly.tags.ant.AntTag - Class com.werken.werkz.jelly.ProjectTag doesn't support the nested "property" element.
2003-06-08 16:10:17,312 ERROR org.apache.commons.jelly.tags.ant.AntTag - Class com.werken.werkz.jelly.ProjectTag doesn't support the nested "property" element.
2003-06-08 16:10:17,312 ERROR org.apache.commons.jelly.tags.ant.AntTag - Class com.werken.werkz.jelly.ProjectTag doesn't support the nested "property" element.
2003-06-08 16:10:17,312 ERROR org.apache.commons.jelly.tags.ant.AntTag - Class com.werken.werkz.jelly.ProjectTag doesn't support the nested "property" element.
2003-06-08 16:10:17,359 ERROR org.apache.commons.jelly.tags.ant.AntTag - Class com.werken.werkz.jelly.GoalTag doesn't support the nested "mkdir" element.
2003-06-08 16:10:17,359 ERROR org.apache.commons.jelly.tags.ant.AntTag - Class com.werken.werkz.jelly.GoalTag doesn't support the nested "mkdir" element.
2003-06-08 16:10:17,359 ERROR org.apache.commons.jelly.tags.ant.AntTag - Class com.werken.werkz.jelly.GoalTag doesn't support the nested "available" element.
2003-06-08 16:10:17,421 ERROR org.apache.commons.jelly.tags.ant.AntTag - Class com.werken.werkz.jelly.ProjectTag doesn't support the nested "property" element.
2003-06-08 16:10:17,453 ERROR org.apache.commons.jelly.tags.ant.AntTag - Class com.werken.werkz.jelly.ProjectTag doesn't support the nested "property" element.
2003-06-08 16:10:17,453 ERROR org.apache.commons.jelly.tags.ant.AntTag - Class com.werken.werkz.jelly.ProjectTag doesn't support the nested "property" element.
2003-06-08 16:10:17,453 ERROR org.apache.commons.jelly.tags.ant.AntTag - Class com.werken.werkz.jelly.ProjectTag doesn't support the nested "property" element.
2003-06-08 16:10:17,453 ERROR org.apache.commons.jelly.tags.ant.AntTag - Class com.werken.werkz.jelly.ProjectTag doesn't support the nested "property" element.
2003-06-08 16:10:17,484 ERROR org.apache.commons.jelly.tags.ant.AntTag - Class com.werken.werkz.jelly.GoalTag doesn't support the nested "mkdir" element.
2003-06-08 16:10:17,484 ERROR org.apache.commons.jelly.tags.ant.AntTag - Class com.werken.werkz.jelly.GoalTag doesn't support the nested "mkdir" element.
2003-06-08 16:10:17,484 ERROR org.apache.commons.jelly.tags.ant.AntTag - Class com.werken.werkz.jelly.GoalTag doesn't support the nested "available" element.
2003-06-08 16:10:17,562 ERROR org.apache.commons.jelly.tags.ant.AntTag - Class com.werken.werkz.jelly.ProjectTag doesn't support the nested "property" element.
2003-06-08 16:10:17,562 ERROR org.apache.commons.jelly.tags.ant.AntTag - Class com.werken.werkz.jelly.ProjectTag doesn't support the nested "property" element.
2003-06-08 16:10:17,578 ERROR org.apache.commons.jelly.tags.ant.AntTag - Class com.werken.werkz.jelly.ProjectTag doesn't support the nested "property" element.
2003-06-08 16:10:17,578 ERROR org.apache.commons.jelly.tags.ant.AntTag - Class com.werken.werkz.jelly.ProjectTag doesn't support the nested "property" element.
2003-06-08 16:10:17,578 ERROR org.apache.commons.jelly.tags.ant.AntTag - Class com.werken.werkz.jelly.ProjectTag doesn't support the nested "property" element.
2003-06-08 16:10:17,609 ERROR org.apache.commons.jelly.tags.ant.AntTag - Class com.werken.werkz.jelly.GoalTag doesn't support the nested "mkdir" element.
2003-06-08 16:10:17,609 ERROR org.apache.commons.jelly.tags.ant.AntTag - Class com.werken.werkz.jelly.GoalTag doesn't support the nested "mkdir" element.
2003-06-08 16:10:17,609 ERROR org.apache.commons.jelly.tags.ant.AntTag - Class com.werken.werkz.jelly.GoalTag doesn't support the nested "available" element.
2003-06-08 16:10:17,609 ERROR org.apache.commons.jelly.tags.ant.AntTag - Class com.werken.werkz.jelly.GoalTag doesn't support the nested "echo" element.
2003-06-08 16:10:17,609 ERROR org.apache.commons.jelly.tags.ant.AntTag - Class com.werken.werkz.jelly.GoalTag doesn't support the nested "mkdir" element.
2003-06-08 16:10:17,609 ERROR org.apache.commons.jelly.tags.ant.AntTag - Class com.werken.werkz.jelly.GoalTag doesn't support the nested "mkdir" element.
2003-06-08 16:10:17,609 ERROR org.apache.commons.jelly.tags.ant.AntTag - Class com.werken.werkz.jelly.GoalTag doesn't support the nested "available" element.
