2003-08-16 17:38:17,562 INFO  org.apache.maven.plugin.PluginManager - Initializing Plugins!
2003-08-16 17:38:17,609 INFO  org.apache.maven.plugin.PluginManager - Unpacking plugins from directory --> C:\opt\maven-1.0-beta-10\plugins
2003-08-16 17:38:17,656 INFO  org.apache.maven.plugin.PluginManager - Processing unpacked plugins in C:\Documents and Settings\lsimons\.maven\plugins
2003-08-16 17:38:17,656 INFO  org.apache.maven.plugin.PluginManager - Processing Plugin: maven-deploy-plugin-1.1
2003-08-16 17:38:17,796 INFO  org.apache.maven.plugin.PluginManager - Processing Plugin: maven-plexus-plugin-0.2
2003-08-16 17:38:17,828 INFO  org.apache.maven.plugin.PluginManager - Processing Plugin: maven-runner-plugin-0.2
2003-08-16 17:38:17,828 INFO  org.apache.maven.plugin.PluginManager - Processing Plugin: maven-sea-plugin-1.0
2003-08-16 17:38:17,843 INFO  org.apache.maven.plugin.PluginManager - Processing Plugin: maven-vdoclet-plugin-1.0
2003-08-16 17:38:17,843 INFO  org.apache.maven.plugin.PluginCacheManager - Saving caches to C:\Documents and Settings\lsimons\.maven\plugins
2003-08-16 17:38:17,921 INFO  org.apache.maven.plugin.PluginManager - Finished initializing Plugins!
2003-08-16 17:38:23,781 WARN  org.apache.commons.jelly.expression.jexl.JexlExpression - Caught exception evaluating: org.apache.commons.jexl.ExpressionImpl@878c4c. Reason: java.lang.NumberFormatException: For input string: "includes"
java.lang.NumberFormatException: For input string: "includes"
	at java.lang.NumberFormatException.forInputString(NumberFormatException.java:48)
	at java.lang.Integer.parseInt(Integer.java:426)
	at java.lang.Integer.valueOf(Integer.java:532)
	at org.apache.commons.jexl.util.Coercion.coerceInteger(Coercion.java:95)
	at org.apache.commons.jexl.parser.ASTArrayAccess.evaluateExpr(ASTArrayAccess.java:177)
	at org.apache.commons.jexl.parser.ASTIdentifier.execute(ASTIdentifier.java:104)
	at org.apache.commons.jexl.parser.ASTReference.execute(ASTReference.java:106)
	at org.apache.commons.jexl.parser.ASTReference.value(ASTReference.java:88)
	at org.apache.commons.jexl.parser.ASTNotNode.value(ASTNotNode.java:88)
	at org.apache.commons.jexl.parser.ASTExpression.value(ASTExpression.java:85)
	at org.apache.commons.jexl.ExpressionImpl.evaluate(ExpressionImpl.java:123)
	at org.apache.commons.jelly.expression.jexl.JexlExpression.evaluate(JexlExpression.java:115)
	at org.apache.commons.jelly.expression.jexl.JexlExpressionFactory$ExpressionSupportLocal.evaluate(JexlExpressionFactory.java:168)
	at org.apache.commons.jelly.expression.ExpressionSupport.evaluateRecurse(ExpressionSupport.java:106)
	at org.apache.commons.jelly.expression.ExpressionSupport.evaluateAsBoolean(ExpressionSupport.java:116)
	at org.apache.commons.jelly.tags.core.WhenTag.doTag(WhenTag.java:90)
	at org.apache.commons.jelly.impl.TagScript.run(TagScript.java:279)
	at org.apache.commons.jelly.impl.ScriptBlock.run(ScriptBlock.java:135)
	at org.apache.commons.jelly.TagSupport.invokeBody(TagSupport.java:233)
	at org.apache.commons.jelly.tags.core.ChooseTag.doTag(ChooseTag.java:84)
	at org.apache.commons.jelly.impl.TagScript.run(TagScript.java:279)
	at org.apache.commons.jelly.impl.ScriptBlock.run(ScriptBlock.java:135)
	at org.apache.commons.jelly.TagSupport.invokeBody(TagSupport.java:233)
	at com.werken.werkz.jelly.ProjectTag.doTag(ProjectTag.java:112)
	at org.apache.commons.jelly.impl.TagScript.run(TagScript.java:279)
	at org.apache.maven.jelly.JellyUtils.runScript(JellyUtils.java:112)
	at org.apache.maven.jelly.JellyUtils.runScript(JellyUtils.java:139)
	at org.apache.maven.plugin.PluginManager.loadPlugin(PluginManager.java:734)
	at org.apache.maven.plugin.PluginManager.prepDynamicTagLib(PluginManager.java:611)
	at org.apache.maven.plugin.PluginManager.prepDynaTagLibs(PluginManager.java:586)
	at org.apache.maven.plugin.PluginManager.loadPlugin(PluginManager.java:686)
	at org.apache.maven.plugin.PluginManager.loadPlugins(PluginManager.java:766)
	at org.apache.maven.plugin.PluginManager.prepForCallbacks(PluginManager.java:554)
	at org.apache.maven.plugin.PluginManager.prepForGoal(PluginManager.java:525)
	at org.apache.maven.MavenSession.prepForGoal(MavenSession.java:248)
	at org.apache.maven.jelly.tags.werkz.LazyAttainGoalTag.doTag(LazyAttainGoalTag.java:105)
	at org.apache.commons.jelly.impl.TagScript.run(TagScript.java:279)
	at org.apache.commons.jelly.impl.ScriptBlock.run(ScriptBlock.java:135)
	at org.apache.commons.jelly.TagSupport.invokeBody(TagSupport.java:233)
	at com.werken.werkz.jelly.GoalTag$1.performAction(GoalTag.java:128)
	at com.werken.werkz.Goal.fire(Goal.java:639)
	at com.werken.werkz.Goal.attain(Goal.java:575)
	at com.werken.werkz.Goal.attainPrecursors(Goal.java:488)
	at com.werken.werkz.Goal.attain(Goal.java:573)
	at org.apache.maven.plugin.PluginManager.attainGoals(PluginManager.java:434)
	at org.apache.maven.MavenSession.attainGoals(MavenSession.java:360)
	at org.apache.maven.jelly.tags.maven.ReactorTag.doTag(ReactorTag.java:374)
	at org.apache.commons.jelly.impl.TagScript.run(TagScript.java:279)
	at org.apache.commons.jelly.impl.ScriptBlock.run(ScriptBlock.java:135)
	at org.apache.commons.jelly.TagSupport.invokeBody(TagSupport.java:233)
	at com.werken.werkz.jelly.GoalTag$1.performAction(GoalTag.java:128)
	at com.werken.werkz.Goal.fire(Goal.java:639)
	at com.werken.werkz.Goal.attain(Goal.java:575)
	at org.apache.maven.plugin.PluginManager.attainGoals(PluginManager.java:434)
	at org.apache.maven.MavenSession.attainGoals(MavenSession.java:348)
	at org.apache.maven.cli.App.doMain(App.java:525)
	at org.apache.maven.cli.App.main(App.java:1088)
	at sun.reflect.NativeMethodAccessorImpl.invoke0(Native Method)
	at sun.reflect.NativeMethodAccessorImpl.invoke(NativeMethodAccessorImpl.java:39)
	at sun.reflect.DelegatingMethodAccessorImpl.invoke(DelegatingMethodAccessorImpl.java:25)
	at java.lang.reflect.Method.invoke(Method.java:324)
	at com.werken.forehead.Forehead.run(Forehead.java:543)
	at com.werken.forehead.Forehead.main(Forehead.java:573)
2003-08-16 17:38:23,796 WARN  org.apache.commons.jelly.expression.jexl.JexlExpression - Caught exception evaluating: org.apache.commons.jexl.ExpressionImpl@e265d0. Reason: java.lang.NumberFormatException: For input string: "excludes"
java.lang.NumberFormatException: For input string: "excludes"
	at java.lang.NumberFormatException.forInputString(NumberFormatException.java:48)
	at java.lang.Integer.parseInt(Integer.java:426)
	at java.lang.Integer.valueOf(Integer.java:532)
	at org.apache.commons.jexl.util.Coercion.coerceInteger(Coercion.java:95)
	at org.apache.commons.jexl.parser.ASTArrayAccess.evaluateExpr(ASTArrayAccess.java:177)
	at org.apache.commons.jexl.parser.ASTIdentifier.execute(ASTIdentifier.java:104)
	at org.apache.commons.jexl.parser.ASTReference.execute(ASTReference.java:106)
	at org.apache.commons.jexl.parser.ASTReference.value(ASTReference.java:88)
	at org.apache.commons.jexl.parser.ASTNotNode.value(ASTNotNode.java:88)
	at org.apache.commons.jexl.parser.ASTExpression.value(ASTExpression.java:85)
	at org.apache.commons.jexl.ExpressionImpl.evaluate(ExpressionImpl.java:123)
	at org.apache.commons.jelly.expression.jexl.JexlExpression.evaluate(JexlExpression.java:115)
	at org.apache.commons.jelly.expression.jexl.JexlExpressionFactory$ExpressionSupportLocal.evaluate(JexlExpressionFactory.java:168)
	at org.apache.commons.jelly.expression.ExpressionSupport.evaluateRecurse(ExpressionSupport.java:106)
	at org.apache.commons.jelly.expression.ExpressionSupport.evaluateAsBoolean(ExpressionSupport.java:116)
	at org.apache.commons.jelly.tags.core.WhenTag.doTag(WhenTag.java:90)
	at org.apache.commons.jelly.impl.TagScript.run(TagScript.java:279)
	at org.apache.commons.jelly.impl.ScriptBlock.run(ScriptBlock.java:135)
	at org.apache.commons.jelly.TagSupport.invokeBody(TagSupport.java:233)
	at org.apache.commons.jelly.tags.core.ChooseTag.doTag(ChooseTag.java:84)
	at org.apache.commons.jelly.impl.TagScript.run(TagScript.java:279)
	at org.apache.commons.jelly.impl.ScriptBlock.run(ScriptBlock.java:135)
	at org.apache.commons.jelly.TagSupport.invokeBody(TagSupport.java:233)
	at com.werken.werkz.jelly.ProjectTag.doTag(ProjectTag.java:112)
	at org.apache.commons.jelly.impl.TagScript.run(TagScript.java:279)
	at org.apache.maven.jelly.JellyUtils.runScript(JellyUtils.java:112)
	at org.apache.maven.jelly.JellyUtils.runScript(JellyUtils.java:139)
	at org.apache.maven.plugin.PluginManager.loadPlugin(PluginManager.java:734)
	at org.apache.maven.plugin.PluginManager.prepDynamicTagLib(PluginManager.java:611)
	at org.apache.maven.plugin.PluginManager.prepDynaTagLibs(PluginManager.java:586)
	at org.apache.maven.plugin.PluginManager.loadPlugin(PluginManager.java:686)
	at org.apache.maven.plugin.PluginManager.loadPlugins(PluginManager.java:766)
	at org.apache.maven.plugin.PluginManager.prepForCallbacks(PluginManager.java:554)
	at org.apache.maven.plugin.PluginManager.prepForGoal(PluginManager.java:525)
	at org.apache.maven.MavenSession.prepForGoal(MavenSession.java:248)
	at org.apache.maven.jelly.tags.werkz.LazyAttainGoalTag.doTag(LazyAttainGoalTag.java:105)
	at org.apache.commons.jelly.impl.TagScript.run(TagScript.java:279)
	at org.apache.commons.jelly.impl.ScriptBlock.run(ScriptBlock.java:135)
	at org.apache.commons.jelly.TagSupport.invokeBody(TagSupport.java:233)
	at com.werken.werkz.jelly.GoalTag$1.performAction(GoalTag.java:128)
	at com.werken.werkz.Goal.fire(Goal.java:639)
	at com.werken.werkz.Goal.attain(Goal.java:575)
	at com.werken.werkz.Goal.attainPrecursors(Goal.java:488)
	at com.werken.werkz.Goal.attain(Goal.java:573)
	at org.apache.maven.plugin.PluginManager.attainGoals(PluginManager.java:434)
	at org.apache.maven.MavenSession.attainGoals(MavenSession.java:360)
	at org.apache.maven.jelly.tags.maven.ReactorTag.doTag(ReactorTag.java:374)
	at org.apache.commons.jelly.impl.TagScript.run(TagScript.java:279)
	at org.apache.commons.jelly.impl.ScriptBlock.run(ScriptBlock.java:135)
	at org.apache.commons.jelly.TagSupport.invokeBody(TagSupport.java:233)
	at com.werken.werkz.jelly.GoalTag$1.performAction(GoalTag.java:128)
	at com.werken.werkz.Goal.fire(Goal.java:639)
	at com.werken.werkz.Goal.attain(Goal.java:575)
	at org.apache.maven.plugin.PluginManager.attainGoals(PluginManager.java:434)
	at org.apache.maven.MavenSession.attainGoals(MavenSession.java:348)
	at org.apache.maven.cli.App.doMain(App.java:525)
	at org.apache.maven.cli.App.main(App.java:1088)
	at sun.reflect.NativeMethodAccessorImpl.invoke0(Native Method)
	at sun.reflect.NativeMethodAccessorImpl.invoke(NativeMethodAccessorImpl.java:39)
	at sun.reflect.DelegatingMethodAccessorImpl.invoke(DelegatingMethodAccessorImpl.java:25)
	at java.lang.reflect.Method.invoke(Method.java:324)
	at com.werken.forehead.Forehead.run(Forehead.java:543)
	at com.werken.forehead.Forehead.main(Forehead.java:573)
2003-08-16 17:38:23,812 WARN  org.apache.commons.jelly.expression.jexl.JexlExpression - Caught exception evaluating: org.apache.commons.jexl.ExpressionImpl@14e45b3. Reason: java.lang.NumberFormatException: For input string: "includes"
java.lang.NumberFormatException: For input string: "includes"
	at java.lang.NumberFormatException.forInputString(NumberFormatException.java:48)
	at java.lang.Integer.parseInt(Integer.java:426)
	at java.lang.Integer.valueOf(Integer.java:532)
	at org.apache.commons.jexl.util.Coercion.coerceInteger(Coercion.java:95)
	at org.apache.commons.jexl.parser.ASTArrayAccess.evaluateExpr(ASTArrayAccess.java:177)
	at org.apache.commons.jexl.parser.ASTIdentifier.execute(ASTIdentifier.java:104)
	at org.apache.commons.jexl.parser.ASTReference.execute(ASTReference.java:106)
	at org.apache.commons.jexl.parser.ASTReference.value(ASTReference.java:88)
	at org.apache.commons.jexl.ExpressionImpl.evaluate(ExpressionImpl.java:123)
	at org.apache.commons.jelly.expression.jexl.JexlExpression.evaluate(JexlExpression.java:115)
	at org.apache.commons.jelly.expression.jexl.JexlExpressionFactory$ExpressionSupportLocal.evaluate(JexlExpressionFactory.java:168)
	at org.apache.commons.jelly.expression.ExpressionSupport.evaluateRecurse(ExpressionSupport.java:106)
	at org.apache.commons.jelly.expression.ExpressionSupport.evaluateAsIterator(ExpressionSupport.java:146)
	at org.apache.commons.jelly.tags.core.ForEachTag.doTag(ForEachTag.java:127)
	at org.apache.commons.jelly.impl.TagScript.run(TagScript.java:279)
	at org.apache.commons.jelly.impl.ScriptBlock.run(ScriptBlock.java:135)
	at org.apache.commons.jelly.TagSupport.invokeBody(TagSupport.java:233)
	at org.apache.commons.jelly.TagSupport.getBodyText(TagSupport.java:271)
	at org.apache.commons.jelly.tags.ant.AntTag.doTag(AntTag.java:267)
	at org.apache.commons.jelly.impl.TagScript.run(TagScript.java:279)
	at org.apache.commons.jelly.impl.ScriptBlock.run(ScriptBlock.java:135)
	at org.apache.commons.jelly.TagSupport.invokeBody(TagSupport.java:233)
	at com.werken.werkz.jelly.ProjectTag.doTag(ProjectTag.java:112)
	at org.apache.commons.jelly.impl.TagScript.run(TagScript.java:279)
	at org.apache.maven.jelly.JellyUtils.runScript(JellyUtils.java:112)
	at org.apache.maven.jelly.JellyUtils.runScript(JellyUtils.java:139)
	at org.apache.maven.plugin.PluginManager.loadPlugin(PluginManager.java:734)
	at org.apache.maven.plugin.PluginManager.prepDynamicTagLib(PluginManager.java:611)
	at org.apache.maven.plugin.PluginManager.prepDynaTagLibs(PluginManager.java:586)
	at org.apache.maven.plugin.PluginManager.loadPlugin(PluginManager.java:686)
	at org.apache.maven.plugin.PluginManager.loadPlugins(PluginManager.java:766)
	at org.apache.maven.plugin.PluginManager.prepForCallbacks(PluginManager.java:554)
	at org.apache.maven.plugin.PluginManager.prepForGoal(PluginManager.java:525)
	at org.apache.maven.MavenSession.prepForGoal(MavenSession.java:248)
	at org.apache.maven.jelly.tags.werkz.LazyAttainGoalTag.doTag(LazyAttainGoalTag.java:105)
	at org.apache.commons.jelly.impl.TagScript.run(TagScript.java:279)
	at org.apache.commons.jelly.impl.ScriptBlock.run(ScriptBlock.java:135)
	at org.apache.commons.jelly.TagSupport.invokeBody(TagSupport.java:233)
	at com.werken.werkz.jelly.GoalTag$1.performAction(GoalTag.java:128)
	at com.werken.werkz.Goal.fire(Goal.java:639)
	at com.werken.werkz.Goal.attain(Goal.java:575)
	at com.werken.werkz.Goal.attainPrecursors(Goal.java:488)
	at com.werken.werkz.Goal.attain(Goal.java:573)
	at org.apache.maven.plugin.PluginManager.attainGoals(PluginManager.java:434)
	at org.apache.maven.MavenSession.attainGoals(MavenSession.java:360)
	at org.apache.maven.jelly.tags.maven.ReactorTag.doTag(ReactorTag.java:374)
	at org.apache.commons.jelly.impl.TagScript.run(TagScript.java:279)
	at org.apache.commons.jelly.impl.ScriptBlock.run(ScriptBlock.java:135)
	at org.apache.commons.jelly.TagSupport.invokeBody(TagSupport.java:233)
	at com.werken.werkz.jelly.GoalTag$1.performAction(GoalTag.java:128)
	at com.werken.werkz.Goal.fire(Goal.java:639)
	at com.werken.werkz.Goal.attain(Goal.java:575)
	at org.apache.maven.plugin.PluginManager.attainGoals(PluginManager.java:434)
	at org.apache.maven.MavenSession.attainGoals(MavenSession.java:348)
	at org.apache.maven.cli.App.doMain(App.java:525)
	at org.apache.maven.cli.App.main(App.java:1088)
	at sun.reflect.NativeMethodAccessorImpl.invoke0(Native Method)
	at sun.reflect.NativeMethodAccessorImpl.invoke(NativeMethodAccessorImpl.java:39)
	at sun.reflect.DelegatingMethodAccessorImpl.invoke(DelegatingMethodAccessorImpl.java:25)
	at java.lang.reflect.Method.invoke(Method.java:324)
	at com.werken.forehead.Forehead.run(Forehead.java:543)
	at com.werken.forehead.Forehead.main(Forehead.java:573)
2003-08-16 17:38:23,812 WARN  org.apache.commons.jelly.expression.jexl.JexlExpression - Caught exception evaluating: org.apache.commons.jexl.ExpressionImpl@1c1f5b2. Reason: java.lang.NumberFormatException: For input string: "excludes"
java.lang.NumberFormatException: For input string: "excludes"
	at java.lang.NumberFormatException.forInputString(NumberFormatException.java:48)
	at java.lang.Integer.parseInt(Integer.java:426)
	at java.lang.Integer.valueOf(Integer.java:532)
	at org.apache.commons.jexl.util.Coercion.coerceInteger(Coercion.java:95)
	at org.apache.commons.jexl.parser.ASTArrayAccess.evaluateExpr(ASTArrayAccess.java:177)
	at org.apache.commons.jexl.parser.ASTIdentifier.execute(ASTIdentifier.java:104)
	at org.apache.commons.jexl.parser.ASTReference.execute(ASTReference.java:106)
	at org.apache.commons.jexl.parser.ASTReference.value(ASTReference.java:88)
	at org.apache.commons.jexl.ExpressionImpl.evaluate(ExpressionImpl.java:123)
	at org.apache.commons.jelly.expression.jexl.JexlExpression.evaluate(JexlExpression.java:115)
	at org.apache.commons.jelly.expression.jexl.JexlExpressionFactory$ExpressionSupportLocal.evaluate(JexlExpressionFactory.java:168)
	at org.apache.commons.jelly.expression.ExpressionSupport.evaluateRecurse(ExpressionSupport.java:106)
	at org.apache.commons.jelly.expression.ExpressionSupport.evaluateAsIterator(ExpressionSupport.java:146)
	at org.apache.commons.jelly.tags.core.ForEachTag.doTag(ForEachTag.java:127)
	at org.apache.commons.jelly.impl.TagScript.run(TagScript.java:279)
	at org.apache.commons.jelly.impl.ScriptBlock.run(ScriptBlock.java:135)
	at org.apache.commons.jelly.TagSupport.invokeBody(TagSupport.java:233)
	at org.apache.commons.jelly.TagSupport.getBodyText(TagSupport.java:271)
	at org.apache.commons.jelly.tags.ant.AntTag.doTag(AntTag.java:267)
	at org.apache.commons.jelly.impl.TagScript.run(TagScript.java:279)
	at org.apache.commons.jelly.impl.ScriptBlock.run(ScriptBlock.java:135)
	at org.apache.commons.jelly.TagSupport.invokeBody(TagSupport.java:233)
	at com.werken.werkz.jelly.ProjectTag.doTag(ProjectTag.java:112)
	at org.apache.commons.jelly.impl.TagScript.run(TagScript.java:279)
	at org.apache.maven.jelly.JellyUtils.runScript(JellyUtils.java:112)
	at org.apache.maven.jelly.JellyUtils.runScript(JellyUtils.java:139)
	at org.apache.maven.plugin.PluginManager.loadPlugin(PluginManager.java:734)
	at org.apache.maven.plugin.PluginManager.prepDynamicTagLib(PluginManager.java:611)
	at org.apache.maven.plugin.PluginManager.prepDynaTagLibs(PluginManager.java:586)
	at org.apache.maven.plugin.PluginManager.loadPlugin(PluginManager.java:686)
	at org.apache.maven.plugin.PluginManager.loadPlugins(PluginManager.java:766)
	at org.apache.maven.plugin.PluginManager.prepForCallbacks(PluginManager.java:554)
	at org.apache.maven.plugin.PluginManager.prepForGoal(PluginManager.java:525)
	at org.apache.maven.MavenSession.prepForGoal(MavenSession.java:248)
	at org.apache.maven.jelly.tags.werkz.LazyAttainGoalTag.doTag(LazyAttainGoalTag.java:105)
	at org.apache.commons.jelly.impl.TagScript.run(TagScript.java:279)
	at org.apache.commons.jelly.impl.ScriptBlock.run(ScriptBlock.java:135)
	at org.apache.commons.jelly.TagSupport.invokeBody(TagSupport.java:233)
	at com.werken.werkz.jelly.GoalTag$1.performAction(GoalTag.java:128)
	at com.werken.werkz.Goal.fire(Goal.java:639)
	at com.werken.werkz.Goal.attain(Goal.java:575)
	at com.werken.werkz.Goal.attainPrecursors(Goal.java:488)
	at com.werken.werkz.Goal.attain(Goal.java:573)
	at org.apache.maven.plugin.PluginManager.attainGoals(PluginManager.java:434)
	at org.apache.maven.MavenSession.attainGoals(MavenSession.java:360)
	at org.apache.maven.jelly.tags.maven.ReactorTag.doTag(ReactorTag.java:374)
	at org.apache.commons.jelly.impl.TagScript.run(TagScript.java:279)
	at org.apache.commons.jelly.impl.ScriptBlock.run(ScriptBlock.java:135)
	at org.apache.commons.jelly.TagSupport.invokeBody(TagSupport.java:233)
	at com.werken.werkz.jelly.GoalTag$1.performAction(GoalTag.java:128)
	at com.werken.werkz.Goal.fire(Goal.java:639)
	at com.werken.werkz.Goal.attain(Goal.java:575)
	at org.apache.maven.plugin.PluginManager.attainGoals(PluginManager.java:434)
	at org.apache.maven.MavenSession.attainGoals(MavenSession.java:348)
	at org.apache.maven.cli.App.doMain(App.java:525)
	at org.apache.maven.cli.App.main(App.java:1088)
	at sun.reflect.NativeMethodAccessorImpl.invoke0(Native Method)
	at sun.reflect.NativeMethodAccessorImpl.invoke(NativeMethodAccessorImpl.java:39)
	at sun.reflect.DelegatingMethodAccessorImpl.invoke(DelegatingMethodAccessorImpl.java:25)
	at java.lang.reflect.Method.invoke(Method.java:324)
	at com.werken.forehead.Forehead.run(Forehead.java:543)
	at com.werken.forehead.Forehead.main(Forehead.java:573)
